#
# A fatal error has been detected by the Java Runtime Environment:
#
#  EXCEPTION_ACCESS_VIOLATION (0xc0000005) at pc=0x00007ff9c6f63004, pid=11896, tid=8208
#
# JRE version: OpenJDK Runtime Environment (24.0.1+9) (build 24.0.1+9-30)
# Java VM: OpenJDK 64-Bit Server VM (24.0.1+9-30, mixed mode, sharing, tiered, compressed oops, compressed class ptrs, g1 gc, windows-amd64)
# Problematic frame:
# C  0x00007ff9c6f63004
#
# No core dump will be written. Minidumps are not enabled by default on client versions of Windows
#
# JFR recording file will be written. Location: C:\Users\thiag\Project-javaFx\hs_err_pid11896.jfr
#
# If you would like to submit a bug report, please visit:
#   https://bugreport.java.com/bugreport/crash.jsp
# The crash happened outside the Java Virtual Machine in native code.
# See problematic frame for where to report the bug.
#

---------------  S U M M A R Y ------------

Command Line: -javaagent:C:\Program Files\JetBrains\IntelliJ IDEA 2024.3.4.1\lib\idea_rt.jar=60736 -Dfile.encoding=UTF-8 -Dsun.stdout.encoding=UTF-8 -Dsun.stderr.encoding=UTF-8 --module-path=C:\Users\thiag\.m2\repository\org\openjfx\javafx-graphics\17.0.6\javafx-graphics-17.0.6-win.jar;C:\Users\thiag\.m2\repository\org\controlsfx\controlsfx\11.2.1\controlsfx-11.2.1.jar;C:\Users\thiag\.m2\repository\org\openjfx\javafx-controls\17.0.6\javafx-controls-17.0.6-win.jar;C:\Users\thiag\.m2\repository\org\openjfx\javafx-base\17.0.6\javafx-base-17.0.6-win.jar;C:\Users\thiag\Project-javaFx\target\classes;C:\Users\thiag\.m2\repository\org\openjfx\javafx-fxml\17.0.6\javafx-fxml-17.0.6-win.jar;C:\Users\thiag\.m2\repository\org\kordamp\bootstrapfx\bootstrapfx-core\0.4.0\bootstrapfx-core-0.4.0.jar -Djdk.module.main=com.example.javafxteste com.example.javafxteste/com.project.javafxt.view.LoginApp

Host: Intel(R) Core(TM) i5-9400F CPU @ 2.90GHz, 6 cores, 15G,  Windows 10 , 64 bit Build 19041 (10.0.19041.5915)
Time: Fri Jun  6 00:01:54 2025 Hora oficial do Brasil elapsed time: 4.350500 seconds (0d 0h 0m 4s)

---------------  T H R E A D  ---------------

Current thread (0x00000227162ae310):  JavaThread "Attach Listener" daemon [_thread_in_native, id=8208, stack(0x0000004eda100000,0x0000004eda200000) (1024K)]

Stack: [0x0000004eda100000,0x0000004eda200000],  sp=0x0000004eda1fef70,  free space=1019k
Native frames: (J=compiled Java code, j=interpreted, Vv=VM code, C=native code)
C  0x00007ff9c6f63004  (no source info available)
C  0x00007ff9c6f634db  (no source info available)
C  0x00007ff9c6f62134  (no source info available)
C  0x00007ff9c6f629aa  (no source info available)
C  0x00007ff9c6f5d561  (no source info available)
C  0x00007ff9c6f4ef21  (no source info available)
C  0x00007ff9c6f4dc38  (no source info available)
C  0x00007ff9c6f4db20  (no source info available)
C  0x00007ff9c6f54af9  (no source info available)
V  [jvm.dll+0x57eff7]  (no source info available)
V  [jvm.dll+0x57fdac]  (no source info available)
V  [jvm.dll+0x14ca17]  (no source info available)
V  [jvm.dll+0x14dfe1]  (no source info available)
V  [jvm.dll+0x42f456]  (no source info available)
V  [jvm.dll+0x87d76b]  (no source info available)
V  [jvm.dll+0x72ee55]  (no source info available)
C  [ucrtbase.dll+0x21bb2]  (no source info available)
C  [KERNEL32.DLL+0x17374]  (no source info available)
C  [ntdll.dll+0x4cc91]  (no source info available)


siginfo: EXCEPTION_ACCESS_VIOLATION (0xc0000005), reading address 0xffffffffffffffff


Registers:
RAX=0x0000000000000010, RBX=0x0000000000000000, RCX=0xffffffffffffffff, RDX=0x007ff98f46300010
RSP=0x0000004eda1fef70, RBP=0x0000022764c081f0, RSI=0x0000004eda1ff0e0, RDI=0x0000022764c081f0
R8 =0x0000000000000042, R9 =0x000000070e220030, R10=0x00007ff98f6d9fb0, R11=0x0000000000000004
R12=0x0000004eda1ff0e0, R13=0x00000227647e6bc0, R14=0x00000227162ae6d8, R15=0x00000227162ae6d8
RIP=0x00007ff9c6f63004, EFLAGS=0x0000000000010202

XMM[0]=0x0000000000000000 0x0000000000000000
XMM[1]=0x0000000000000000 0x0000000000000000
XMM[2]=0x0000000000000000 0x0000000000000000
XMM[3]=0x0000000000000000 0x0000000000000000
XMM[4]=0x0000000000000000 0x0000000000000000
XMM[5]=0x0000000000000000 0x0000000000000000
XMM[6]=0x0000000000000000 0x0000000000000000
XMM[7]=0x0000000000000000 0x0000000000000000
XMM[8]=0x0000000000000000 0x0000000000000000
XMM[9]=0x0000000000000000 0x0000000000000000
XMM[10]=0x0000000000000000 0x0000000000000000
XMM[11]=0x0000000000000000 0x0000000000000000
XMM[12]=0x0000000000000000 0x0000000000000000
XMM[13]=0x0000000000000000 0x0000000000000000
XMM[14]=0x0000000000000000 0x0000000000000000
XMM[15]=0x0000000000000000 0x0000000000000000
  MXCSR=0x00001fa0


Register to memory mapping:

RAX=0x0000000000000010 is an unknown value
RBX=0x0 is null
RCX=0xffffffffffffffff is an unknown value
RDX=0x007ff98f46300010 is an unknown value
RSP=0x0000004eda1fef70 is pointing into the stack for thread: 0x00000227162ae310
RBP=0x0000022764c081f0 points into unknown readable memory: 0x000000070e220030 | 30 00 22 0e 07 00 00 00
RSI=0x0000004eda1ff0e0 is pointing into the stack for thread: 0x00000227162ae310
RDI=0x0000022764c081f0 points into unknown readable memory: 0x000000070e220030 | 30 00 22 0e 07 00 00 00
R8 =0x0000000000000042 is an unknown value
R9 =0x000000070e220030 is an oop: java.lang.Thread 
{0x000000070e220030} - klass: 'java/lang/Thread' - flags: 

 - ---- fields (total size 14 words):
 - 'threadLocalRandomProbe' 'I' @12  0 (0x00000000)
 - private volatile 'eetop' 'J' @16  2368524323232 (0x00000227770d09a0)
 - private final 'tid' 'J' @24  3 (0x0000000000000003)
 - 'threadLocalRandomSeed' 'J' @32  0 (0x0000000000000000)
 - injected 'jvmti_thread_state' 'J' @40  2368211504240 (0x000002276467cc70)
 - 'threadLocalRandomSecondarySeed' 'I' @48  0 (0x00000000)
 - injected 'jvmti_VTMS_transition_disable_count' 'I' @52  0 (0x00000000)
 - injected 'jfr_epoch' 'S' @56  0 (0x0000)
 - volatile 'interrupted' 'Z' @58  false (0x00)
 - injected 'jvmti_is_in_VTMS_transition' 'Z' @59  false (0x00)
 - private volatile 'name' 'Ljava/lang/String;' @60  "main"{0x000000070e11ed70} (0xe1c23dae)
 - private volatile 'contextClassLoader' 'Ljava/lang/ClassLoader;' @64  a 'jdk/internal/loader/ClassLoaders$AppClassLoader'{0x000000070e2088f0} (0xe1c4111e)
 - private final 'holder' 'Ljava/lang/Thread$FieldHolder;' @68  a 'java/lang/Thread$FieldHolder'{0x000000070e11ed48} (0xe1c23da9)
 - 'threadLocals' 'Ljava/lang/ThreadLocal$ThreadLocalMap;' @72  a 'java/lang/ThreadLocal$ThreadLocalMap'{0x000000070e11ea18} (0xe1c23d43)
 - 'inheritableThreadLocals' 'Ljava/lang/ThreadLocal$ThreadLocalMap;' @76  null (0x00000000)
 - private 'scopedValueBindings' 'Ljava/lang/Object;' @80  a 'java/lang/Class'{0x00000007ffe7c258} = 'java/lang/Thread' (0xfffcf84b)
 - final 'interruptLock' 'Ljava/lang/Object;' @84  a 'java/lang/Object'{0x000000070e11ea08} (0xe1c23d41)
 - private volatile 'parkBlocker' 'Ljava/lang/Object;' @88  a 'java/util/concurrent/CountDownLatch$Sync'{0x000000070e220010} (0xe1c44002)
 - private 'nioBlocker' 'Lsun/nio/ch/Interruptible;' @92  null (0x00000000)
 - private 'cont' 'Ljdk/internal/vm/Continuation;' @96  null (0x00000000)
 - private volatile 'uncaughtExceptionHandler' 'Ljava/lang/Thread$UncaughtExceptionHandler;' @100  null (0x00000000)
 - private 'container' 'Ljdk/internal/vm/ThreadContainer;' @104  null (0x00000000)
 - private volatile 'headStackableScopes' 'Ljdk/internal/vm/StackableScope;' @108  null (0x00000000)
R10=0x00007ff98f6d9fb0 jvm.dll
R11=0x0000000000000004 is an unknown value
R12=0x0000004eda1ff0e0 is pointing into the stack for thread: 0x00000227162ae310
R13=0x00000227647e6bc0 points into unknown readable memory: 0x00007ff98f64a510 | 10 a5 64 8f f9 7f 00 00
R14=0x00000227162ae6d8 points into unknown readable memory: 0x00007ff98f6417b0 | b0 17 64 8f f9 7f 00 00
R15=0x00000227162ae6d8 points into unknown readable memory: 0x00007ff98f6417b0 | b0 17 64 8f f9 7f 00 00

Top of Stack: (sp=0x0000004eda1fef70)
0x0000004eda1fef70:   0000004eda1ff0e0 0000022764c081f0   ....N......d'...
0x0000004eda1fef80:   0000000000000000 00000227162aea60   ........`.*.'...
0x0000004eda1fef90:   0000000000000037 00007ff9c6f634db   7........4......
0x0000004eda1fefa0:   0000000000000000 00000227162ae6d8   ..........*.'...
0x0000004eda1fefb0:   0000004eda1ff001 0000000000000000   ....N...........
0x0000004eda1fefc0:   0000022764cd3df0 00007ff9c6f62134   .=.d'...4!......
0x0000004eda1fefd0:   0000000000000000 0000000000000037   ........7.......
0x0000004eda1fefe0:   0000000000000000 0000000000000037   ........7.......
0x0000004eda1feff0:   0000001500000000 0000022764cc1060   ........`..d'...
0x0000004eda1ff000:   0000022764cd3df0 0000022764cd3ecc   .=.d'....>.d'...
0x0000004eda1ff010:   0000022764cd3eec 00000000000013d4   .>.d'...........
0x0000004eda1ff020:   0000000000000000 0000000000000000   ................
0x0000004eda1ff030:   0000000000000000 00007ff98eea57d4   .........W......
0x0000004eda1ff040:   00007ff9c70bae00 0000000000002e78   ........x.......
0x0000004eda1ff050:   00007ff9c70bae00 00000000ffffffff   ................
0x0000004eda1ff060:   0000000000000000 00007ff9c6f629aa   .........)......
0x0000004eda1ff070:   00000227162ae6d8 0000000000000000   ..*.'...........
0x0000004eda1ff080:   0000004eda1ff0e9 00000227647e6bc0   ....N....k~d'...
0x0000004eda1ff090:   0000000000000003 0000000000000048   ........H.......
0x0000004eda1ff0a0:   0000000800800310 0000000000000020   ........ .......
0x0000004eda1ff0b0:   00000227162ae6d8 00007ff9c70bae00   ..*.'...........
0x0000004eda1ff0c0:   00000227162977b0 000002276467cc70   .w).'...p.gd'...
0x0000004eda1ff0d0:   0000000800800390 00000227162ae6d8   ..........*.'...
0x0000004eda1ff0e0:   0000022764dcf8c0 0000022764dcffa0   ...d'......d'...
0x0000004eda1ff0f0:   0000022764dcffa0 00007ff9c70bae00   ...d'...........
0x0000004eda1ff100:   0000004eda1ff278 0000022774d50000   x...N......t'...
0x0000004eda1ff110:   0000004eda1ff3b0 0000000000008840   ....N...@.......
0x0000004eda1ff120:   0000004eda1ff590 00007ff9c70bae50   ....N...P.......
0x0000004eda1ff130:   0000000000989680 0000000000989680   ................
0x0000004eda1ff140:   0000004eda1ff250 00007ff9c6f5d561   P...N...a.......
0x0000004eda1ff150:   00007ff9c70bae00 00007ff9c70bae58   ........X.......
0x0000004eda1ff160:   00007ff900000000 00007ff900000001   ................

Instructions: (pc=0x00007ff9c6f63004)
  0x00007ff9c6f62f04:   cc cc cc cc cc cc cc cc cc cc cc cc cc cc cc cc
  0x00007ff9c6f62f14:   cc cc cc cc cc cc cc cc cc cc cc cc cc cc cc cc
  0x00007ff9c6f62f24:   cc cc cc cc cc cc cc cc cc cc cc cc cc cc cc cc
  0x00007ff9c6f62f34:   cc cc cc cc cc cc cc cc cc cc cc cc cc cc cc cc
  0x00007ff9c6f62f44:   cc cc cc cc cc cc cc cc cc cc cc cc cc cc cc cc
  0x00007ff9c6f62f54:   cc cc cc cc cc cc cc cc cc cc cc cc cc cc cc cc
  0x00007ff9c6f62f64:   cc cc cc cc cc cc cc cc cc cc cc cc cc cc cc cc
  0x00007ff9c6f62f74:   cc cc cc cc cc cc cc cc cc cc cc cc cc cc cc cc
  0x00007ff9c6f62f84:   cc cc cc cc cc cc cc cc cc cc cc cc 40 57 48 83
  0x00007ff9c6f62f94:   ec 20 48 8b f9 48 8b 0d 30 80 15 00 48 85 c9 74
  0x00007ff9c6f62fa4:   20 48 8b 01 48 8d 54 24 38 41 b8 06 00 01 00 4c
  0x00007ff9c6f62fb4:   8b 48 30 41 ff d1 85 c0 75 07 48 8b 4c 24 38 eb
  0x00007ff9c6f62fc4:   02 33 c9 4c 8b 05 0a 81 15 00 48 89 5c 24 30 4d
  0x00007ff9c6f62fd4:   85 c0 74 4a 48 8b 01 48 8b d7 4c 8b 88 28 03 00
  0x00007ff9c6f62fe4:   00 41 ff d1 48 85 c0 74 35 48 63 0d b8 3d 15 00
  0x00007ff9c6f62ff4:   48 8b 14 01 48 85 d2 74 15 48 63 05 bc 3d 15 00
=>0x00007ff9c6f63004:   8b 04 10 48 8b 5c 24 30 48 83 c4 20 5f c3 b8 ff
  0x00007ff9c6f63014:   ff ff ff 48 8b 5c 24 30 48 83 c4 20 5f c3 80 3d
  0x00007ff9c6f63024:   bb 7f 15 00 00 bb ff ff ff ff 74 20 4c 8b 0d 51
  0x00007ff9c6f63034:   7c 15 00 4c 8d 44 24 38 48 8b 0d 35 7c 15 00 48
  0x00007ff9c6f63044:   8b d7 41 ff d1 85 c0 0f 44 5c 24 38 8b c3 48 8b
  0x00007ff9c6f63054:   5c 24 30 48 83 c4 20 5f c3 cc cc cc cc cc cc cc
  0x00007ff9c6f63064:   cc cc cc cc cc cc cc cc cc cc cc cc cc cc cc cc
  0x00007ff9c6f63074:   cc cc cc cc cc cc cc cc cc cc cc cc cc cc cc cc
  0x00007ff9c6f63084:   cc cc cc cc cc cc cc cc cc cc cc cc 48 89 54 24
  0x00007ff9c6f63094:   10 53 55 56 57 41 56 41 57 48 83 ec 28 48 8b f2
  0x00007ff9c6f630a4:   4c 8b f1 48 89 4c 24 78 45 33 ff 44 89 7c 24 68
  0x00007ff9c6f630b4:   c7 44 24 60 01 00 00 00 48 8d 4c 24 68 e8 69 3c
  0x00007ff9c6f630c4:   f7 ff 8b d8 48 8d 4c 24 60 e8 5d 3c f7 ff 8b e8
  0x00007ff9c6f630d4:   49 8b ce e8 33 f3 f6 ff 48 8b f8 90 8b c3 f0 0f
  0x00007ff9c6f630e4:   b1 2f 74 04 f3 90 eb f4 4c 89 3e 4c 89 7e 08 4c
  0x00007ff9c6f630f4:   89 7e 10 49 8b 6e 08 4d 8b 76 10 49 3b ee 0f 84


Stack slot to memory mapping:

stack at sp + 0 slots: 0x0000004eda1ff0e0 is pointing into the stack for thread: 0x00000227162ae310
stack at sp + 1 slots: 0x0000022764c081f0 points into unknown readable memory: 0x000000070e220030 | 30 00 22 0e 07 00 00 00
stack at sp + 2 slots: 0x0 is null
stack at sp + 3 slots: 0x00000227162aea60 points into unknown readable memory: 0x6e616c2e6176616a | 6a 61 76 61 2e 6c 61 6e
stack at sp + 4 slots: 0x0000000000000037 is an unknown value
stack at sp + 5 slots: 0x00007ff9c6f634db points into unknown readable memory: 44 8b d8 83 f8
stack at sp + 6 slots: 0x0 is null
stack at sp + 7 slots: 0x00000227162ae6d8 points into unknown readable memory: 0x00007ff98f6417b0 | b0 17 64 8f f9 7f 00 00

Lock stack of current Java thread (top to bottom):


---------------  P R O C E S S  ---------------

Threads class SMR info:
_java_thread_list=0x0000022764c28350, length=26, elements={
0x00000227770d09a0, 0x00000227162a8aa0, 0x00000227162a9a90, 0x00000227162ab7d0,
0x00000227162ae310, 0x00000227162aee40, 0x00000227162af970, 0x00000227162b3830,
0x0000022716508070, 0x00000227165a4d90, 0x000002275c053df0, 0x000002275c054530,
0x000002275d277d20, 0x000002275d29f020, 0x000002275c52e250, 0x00000227167e3df0,
0x000002275d27e420, 0x000002275d2d1b40, 0x000002275d30a130, 0x000002275d2e16d0,
0x000002275d2e3410, 0x000002275d2e1e20, 0x000002275d2e3b60, 0x000002271665ddf0,
0x000002275d2e2570, 0x00000227653ab600
}

Java Threads: ( => current thread )
  0x00000227770d09a0 JavaThread "main"                              [_thread_blocked, id=12920, stack(0x0000004ed9600000,0x0000004ed9700000) (1024K)]
  0x00000227162a8aa0 JavaThread "Reference Handler"          daemon [_thread_blocked, id=17392, stack(0x0000004ed9e00000,0x0000004ed9f00000) (1024K)]
  0x00000227162a9a90 JavaThread "Finalizer"                  daemon [_thread_blocked, id=7588, stack(0x0000004ed9f00000,0x0000004eda000000) (1024K)]
  0x00000227162ab7d0 JavaThread "Signal Dispatcher"          daemon [_thread_blocked, id=4320, stack(0x0000004eda000000,0x0000004eda100000) (1024K)]
=>0x00000227162ae310 JavaThread "Attach Listener"            daemon [_thread_in_native, id=8208, stack(0x0000004eda100000,0x0000004eda200000) (1024K)]
  0x00000227162aee40 JavaThread "Service Thread"             daemon [_thread_blocked, id=8436, stack(0x0000004eda200000,0x0000004eda300000) (1024K)]
  0x00000227162af970 JavaThread "Monitor Deflation Thread"   daemon [_thread_blocked, id=11028, stack(0x0000004eda300000,0x0000004eda400000) (1024K)]
  0x00000227162b3830 JavaThread "C2 CompilerThread0"         daemon [_thread_in_native, id=1320, stack(0x0000004eda400000,0x0000004eda500000) (1024K)]
  0x0000022716508070 JavaThread "C1 CompilerThread0"         daemon [_thread_blocked, id=8128, stack(0x0000004eda500000,0x0000004eda600000) (1024K)]
  0x00000227165a4d90 JavaThread "Common-Cleaner"             daemon [_thread_blocked, id=13196, stack(0x0000004eda600000,0x0000004eda700000) (1024K)]
  0x000002275c053df0 JavaThread "Monitor Ctrl-Break"         daemon [_thread_in_native, id=2636, stack(0x0000004eda800000,0x0000004eda900000) (1024K)]
  0x000002275c054530 JavaThread "Notification Thread"        daemon [_thread_blocked, id=10632, stack(0x0000004eda900000,0x0000004edaa00000) (1024K)]
  0x000002275d277d20 JavaThread "QuantumRenderer-0"          daemon [_thread_blocked, id=2608, stack(0x0000004edaa00000,0x0000004edab00000) (1024K)]
  0x000002275d29f020 JavaThread "RMI TCP Accept-0"           daemon [_thread_in_native, id=11476, stack(0x0000004edab00000,0x0000004edac00000) (1024K)]
  0x000002275c52e250 JavaThread "RMI TCP Connection(1)-192.168.0.118" daemon [_thread_in_native, id=5976, stack(0x0000004edad00000,0x0000004edae00000) (1024K)]
  0x00000227167e3df0 JavaThread "RMI Scheduler(0)"           daemon [_thread_blocked, id=15540, stack(0x0000004edae00000,0x0000004edaf00000) (1024K)]
  0x000002275d27e420 JavaThread "JMX server connection timeout 30" daemon [_thread_blocked, id=16500, stack(0x0000004edaf00000,0x0000004edb000000) (1024K)]
  0x000002275d2d1b40 JavaThread "InvokeLaterDispatcher"      daemon [_thread_blocked, id=3580, stack(0x0000004edb000000,0x0000004edb100000) (1024K)]
  0x000002275d30a130 JavaThread "JavaFX Application Thread"         [_thread_in_native, id=16848, stack(0x0000004edb100000,0x0000004edb200000) (1024K)]
  0x000002275d2e16d0 JavaThread "JavaFX-Launcher"                   [_thread_blocked, id=11956, stack(0x0000004edb300000,0x0000004edb400000) (1024K)]
  0x000002275d2e3410 JavaThread "Thread-2"                   daemon [_thread_in_native, id=16196, stack(0x0000004eda700000,0x0000004eda800000) (1024K)]
  0x000002275d2e1e20 JavaThread "Prism Font Disposer"        daemon [_thread_blocked, id=428, stack(0x0000004edbd00000,0x0000004edbe00000) (1024K)]
  0x000002275d2e3b60 JavaThread "Cleaner-0"                  daemon [_thread_blocked, id=1516, stack(0x0000004edbe00000,0x0000004edbf00000) (1024K)]
  0x000002271665ddf0 JavaThread "C2 CompilerThread1"         daemon [_thread_blocked, id=4388, stack(0x0000004edb900000,0x0000004edba00000) (1024K)]
  0x000002275d2e2570 JavaThread "JFR Recorder Thread"        daemon [_thread_in_native, id=7176, stack(0x0000004edbf00000,0x0000004edc000000) (1024K)]
  0x00000227653ab600 JavaThread "JFR Periodic Tasks"         daemon [_thread_blocked, id=5076, stack(0x0000004edc000000,0x0000004edc100000) (1024K)]
Total: 26

Other Threads:
  0x00000227162960c0 VMThread "VM Thread"                           [id=11044, stack(0x0000004ed9d00000,0x0000004ed9e00000) (1024K)]
  0x0000022716287d90 WatcherThread "VM Periodic Task Thread"        [id=2772, stack(0x0000004ed9c00000,0x0000004ed9d00000) (1024K)]
  0x0000022777138150 WorkerThread "GC Thread#0"                     [id=10976, stack(0x0000004ed9700000,0x0000004ed9800000) (1024K)]
  0x000002275d53ace0 WorkerThread "GC Thread#1"                     [id=16548, stack(0x0000004edb400000,0x0000004edb500000) (1024K)]
  0x000002275d53bf50 WorkerThread "GC Thread#2"                     [id=2096, stack(0x0000004edb500000,0x0000004edb600000) (1024K)]
  0x000002275d53c300 WorkerThread "GC Thread#3"                     [id=11024, stack(0x0000004edb600000,0x0000004edb700000) (1024K)]
  0x000002275d53c6b0 WorkerThread "GC Thread#4"                     [id=17220, stack(0x0000004edb700000,0x0000004edb800000) (1024K)]
  0x000002275d53b090 WorkerThread "GC Thread#5"                     [id=13804, stack(0x0000004edb800000,0x0000004edb900000) (1024K)]
  0x000002277714e5f0 ConcurrentGCThread "G1 Main Marker"            [id=16836, stack(0x0000004ed9800000,0x0000004ed9900000) (1024K)]
  0x000002277714f100 WorkerThread "G1 Conc#0"                       [id=11928, stack(0x0000004ed9900000,0x0000004ed9a00000) (1024K)]
  0x0000022716159020 ConcurrentGCThread "G1 Refine#0"               [id=13780, stack(0x0000004ed9a00000,0x0000004ed9b00000) (1024K)]
  0x0000022716159ab0 ConcurrentGCThread "G1 Service"                [id=16032, stack(0x0000004ed9b00000,0x0000004ed9c00000) (1024K)]
Total: 12

Threads with active compile tasks:
C2 CompilerThread0  4515 3075       4       java.lang.invoke.MethodType::makeImpl (155 bytes)
Total: 1

VM state: not at safepoint (normal execution)

VM Mutex/Monitor currently owned by a thread: None

Heap address: 0x0000000701000000, size: 4080 MB, Compressed Oops mode: Zero based, Oop shift amount: 3

CDS archive(s) mapped at: [0x0000022717000000-0x0000022717d40000-0x0000022717d40000), size 13893632, SharedBaseAddress: 0x0000022717000000, ArchiveRelocationMode: 1.
Compressed class space mapped at: 0x0000022718000000-0x0000022758000000, reserved size: 1073741824
UseCompressedClassPointers 1, UseCompactObjectHeaders 0
Narrow klass pointer bits 32, Max shift 3
Narrow klass base: 0x0000022717000000, Narrow klass shift: 0
Encoding Range: [0x0000022717000000 - 0x0000022817000000), (4294967296 bytes)
Klass Range:    [0x0000022717000000 - 0x0000022758000000), (1090519040 bytes)
Klass ID Range:  [8 - 1090519033) (1090519025)

GC Precious Log:
 CardTable entry size: 512
 Card Set container configuration: InlinePtr #cards 4 size 8 Array Of Cards #cards 16 size 48 Howl #buckets 8 coarsen threshold 3686 Howl Bitmap #cards 512 size 80 coarsen threshold 460 Card regions per heap region 1 cards per card region 4096
 CPUs: 6 total, 6 available
 Memory: 16319M
 Large Page Support: Disabled
 NUMA Support: Disabled
 Compressed Oops: Enabled (Zero based)
 Heap Region Size: 2M
 Heap Min Capacity: 8M
 Heap Initial Capacity: 256M
 Heap Max Capacity: 4080M
 Pre-touch: Disabled
 Parallel Workers: 6
 Concurrent Workers: 2
 Concurrent Refinement Workers: 6
 Periodic GC: Disabled

Heap:
 garbage-first heap   total reserved 4177920K, committed 264192K, used 59016K [0x0000000701000000, 0x0000000800000000)
  region size 2048K, 29 young (59392K), 3 survivors (6144K)
 Metaspace       used 18395K, committed 18688K, reserved 1114112K
  class space    used 2258K, committed 2368K, reserved 1048576K

Heap Regions: E=young(eden), S=young(survivor), O=old, HS=humongous(starts), HC=humongous(continues), CS=collection set, F=free, TAMS=top-at-mark-start, PB=parsable bottom
|   0|0x0000000701000000, 0x0000000701200000, 0x0000000701200000|100%|HS|  |TAMS 0x0000000701000000| PB 0x0000000701000000| Complete |  0
|   1|0x0000000701200000, 0x0000000701200000, 0x0000000701400000|  0%| F|  |TAMS 0x0000000701200000| PB 0x0000000701200000| Untracked |  0
|   2|0x0000000701400000, 0x0000000701400000, 0x0000000701600000|  0%| F|  |TAMS 0x0000000701400000| PB 0x0000000701400000| Untracked |  0
|   3|0x0000000701600000, 0x0000000701600000, 0x0000000701800000|  0%| F|  |TAMS 0x0000000701600000| PB 0x0000000701600000| Untracked |  0
|   4|0x0000000701800000, 0x0000000701800000, 0x0000000701a00000|  0%| F|  |TAMS 0x0000000701800000| PB 0x0000000701800000| Untracked |  0
|   5|0x0000000701a00000, 0x0000000701a00000, 0x0000000701c00000|  0%| F|  |TAMS 0x0000000701a00000| PB 0x0000000701a00000| Untracked |  0
|   6|0x0000000701c00000, 0x0000000701c00000, 0x0000000701e00000|  0%| F|  |TAMS 0x0000000701c00000| PB 0x0000000701c00000| Untracked |  0
|   7|0x0000000701e00000, 0x0000000701e00000, 0x0000000702000000|  0%| F|  |TAMS 0x0000000701e00000| PB 0x0000000701e00000| Untracked |  0
|   8|0x0000000702000000, 0x0000000702000000, 0x0000000702200000|  0%| F|  |TAMS 0x0000000702000000| PB 0x0000000702000000| Untracked |  0
|   9|0x0000000702200000, 0x0000000702200000, 0x0000000702400000|  0%| F|  |TAMS 0x0000000702200000| PB 0x0000000702200000| Untracked |  0
|  10|0x0000000702400000, 0x0000000702400000, 0x0000000702600000|  0%| F|  |TAMS 0x0000000702400000| PB 0x0000000702400000| Untracked |  0
|  11|0x0000000702600000, 0x0000000702600000, 0x0000000702800000|  0%| F|  |TAMS 0x0000000702600000| PB 0x0000000702600000| Untracked |  0
|  12|0x0000000702800000, 0x0000000702800000, 0x0000000702a00000|  0%| F|  |TAMS 0x0000000702800000| PB 0x0000000702800000| Untracked |  0
|  13|0x0000000702a00000, 0x0000000702a00000, 0x0000000702c00000|  0%| F|  |TAMS 0x0000000702a00000| PB 0x0000000702a00000| Untracked |  0
|  14|0x0000000702c00000, 0x0000000702c00000, 0x0000000702e00000|  0%| F|  |TAMS 0x0000000702c00000| PB 0x0000000702c00000| Untracked |  0
|  15|0x0000000702e00000, 0x0000000702e00000, 0x0000000703000000|  0%| F|  |TAMS 0x0000000702e00000| PB 0x0000000702e00000| Untracked |  0
|  16|0x0000000703000000, 0x0000000703000000, 0x0000000703200000|  0%| F|  |TAMS 0x0000000703000000| PB 0x0000000703000000| Untracked |  0
|  17|0x0000000703200000, 0x0000000703200000, 0x0000000703400000|  0%| F|  |TAMS 0x0000000703200000| PB 0x0000000703200000| Untracked |  0
|  18|0x0000000703400000, 0x0000000703400000, 0x0000000703600000|  0%| F|  |TAMS 0x0000000703400000| PB 0x0000000703400000| Untracked |  0
|  19|0x0000000703600000, 0x0000000703600000, 0x0000000703800000|  0%| F|  |TAMS 0x0000000703600000| PB 0x0000000703600000| Untracked |  0
|  20|0x0000000703800000, 0x0000000703800000, 0x0000000703a00000|  0%| F|  |TAMS 0x0000000703800000| PB 0x0000000703800000| Untracked |  0
|  21|0x0000000703a00000, 0x0000000703a00000, 0x0000000703c00000|  0%| F|  |TAMS 0x0000000703a00000| PB 0x0000000703a00000| Untracked |  0
|  22|0x0000000703c00000, 0x0000000703c00000, 0x0000000703e00000|  0%| F|  |TAMS 0x0000000703c00000| PB 0x0000000703c00000| Untracked |  0
|  23|0x0000000703e00000, 0x0000000703e00000, 0x0000000704000000|  0%| F|  |TAMS 0x0000000703e00000| PB 0x0000000703e00000| Untracked |  0
|  24|0x0000000704000000, 0x0000000704000000, 0x0000000704200000|  0%| F|  |TAMS 0x0000000704000000| PB 0x0000000704000000| Untracked |  0
|  25|0x0000000704200000, 0x0000000704200000, 0x0000000704400000|  0%| F|  |TAMS 0x0000000704200000| PB 0x0000000704200000| Untracked |  0
|  26|0x0000000704400000, 0x0000000704400000, 0x0000000704600000|  0%| F|  |TAMS 0x0000000704400000| PB 0x0000000704400000| Untracked |  0
|  27|0x0000000704600000, 0x0000000704600000, 0x0000000704800000|  0%| F|  |TAMS 0x0000000704600000| PB 0x0000000704600000| Untracked |  0
|  28|0x0000000704800000, 0x0000000704800000, 0x0000000704a00000|  0%| F|  |TAMS 0x0000000704800000| PB 0x0000000704800000| Untracked |  0
|  29|0x0000000704a00000, 0x0000000704a00000, 0x0000000704c00000|  0%| F|  |TAMS 0x0000000704a00000| PB 0x0000000704a00000| Untracked |  0
|  30|0x0000000704c00000, 0x0000000704c00000, 0x0000000704e00000|  0%| F|  |TAMS 0x0000000704c00000| PB 0x0000000704c00000| Untracked |  0
|  31|0x0000000704e00000, 0x0000000704e00000, 0x0000000705000000|  0%| F|  |TAMS 0x0000000704e00000| PB 0x0000000704e00000| Untracked |  0
|  32|0x0000000705000000, 0x0000000705000000, 0x0000000705200000|  0%| F|  |TAMS 0x0000000705000000| PB 0x0000000705000000| Untracked |  0
|  33|0x0000000705200000, 0x0000000705200000, 0x0000000705400000|  0%| F|  |TAMS 0x0000000705200000| PB 0x0000000705200000| Untracked |  0
|  34|0x0000000705400000, 0x0000000705400000, 0x0000000705600000|  0%| F|  |TAMS 0x0000000705400000| PB 0x0000000705400000| Untracked |  0
|  35|0x0000000705600000, 0x0000000705600000, 0x0000000705800000|  0%| F|  |TAMS 0x0000000705600000| PB 0x0000000705600000| Untracked |  0
|  36|0x0000000705800000, 0x0000000705800000, 0x0000000705a00000|  0%| F|  |TAMS 0x0000000705800000| PB 0x0000000705800000| Untracked |  0
|  37|0x0000000705a00000, 0x0000000705a00000, 0x0000000705c00000|  0%| F|  |TAMS 0x0000000705a00000| PB 0x0000000705a00000| Untracked |  0
|  38|0x0000000705c00000, 0x0000000705c00000, 0x0000000705e00000|  0%| F|  |TAMS 0x0000000705c00000| PB 0x0000000705c00000| Untracked |  0
|  39|0x0000000705e00000, 0x0000000705e00000, 0x0000000706000000|  0%| F|  |TAMS 0x0000000705e00000| PB 0x0000000705e00000| Untracked |  0
|  40|0x0000000706000000, 0x0000000706000000, 0x0000000706200000|  0%| F|  |TAMS 0x0000000706000000| PB 0x0000000706000000| Untracked |  0
|  41|0x0000000706200000, 0x0000000706200000, 0x0000000706400000|  0%| F|  |TAMS 0x0000000706200000| PB 0x0000000706200000| Untracked |  0
|  42|0x0000000706400000, 0x0000000706400000, 0x0000000706600000|  0%| F|  |TAMS 0x0000000706400000| PB 0x0000000706400000| Untracked |  0
|  43|0x0000000706600000, 0x0000000706600000, 0x0000000706800000|  0%| F|  |TAMS 0x0000000706600000| PB 0x0000000706600000| Untracked |  0
|  44|0x0000000706800000, 0x0000000706800000, 0x0000000706a00000|  0%| F|  |TAMS 0x0000000706800000| PB 0x0000000706800000| Untracked |  0
|  45|0x0000000706a00000, 0x0000000706a00000, 0x0000000706c00000|  0%| F|  |TAMS 0x0000000706a00000| PB 0x0000000706a00000| Untracked |  0
|  46|0x0000000706c00000, 0x0000000706c00000, 0x0000000706e00000|  0%| F|  |TAMS 0x0000000706c00000| PB 0x0000000706c00000| Untracked |  0
|  47|0x0000000706e00000, 0x0000000706e00000, 0x0000000707000000|  0%| F|  |TAMS 0x0000000706e00000| PB 0x0000000706e00000| Untracked |  0
|  48|0x0000000707000000, 0x0000000707000000, 0x0000000707200000|  0%| F|  |TAMS 0x0000000707000000| PB 0x0000000707000000| Untracked |  0
|  49|0x0000000707200000, 0x0000000707200000, 0x0000000707400000|  0%| F|  |TAMS 0x0000000707200000| PB 0x0000000707200000| Untracked |  0
|  50|0x0000000707400000, 0x0000000707400000, 0x0000000707600000|  0%| F|  |TAMS 0x0000000707400000| PB 0x0000000707400000| Untracked |  0
|  51|0x0000000707600000, 0x0000000707600000, 0x0000000707800000|  0%| F|  |TAMS 0x0000000707600000| PB 0x0000000707600000| Untracked |  0
|  52|0x0000000707800000, 0x0000000707800000, 0x0000000707a00000|  0%| F|  |TAMS 0x0000000707800000| PB 0x0000000707800000| Untracked |  0
|  53|0x0000000707a00000, 0x0000000707a00000, 0x0000000707c00000|  0%| F|  |TAMS 0x0000000707a00000| PB 0x0000000707a00000| Untracked |  0
|  54|0x0000000707c00000, 0x0000000707c00000, 0x0000000707e00000|  0%| F|  |TAMS 0x0000000707c00000| PB 0x0000000707c00000| Untracked |  0
|  55|0x0000000707e00000, 0x0000000707e00000, 0x0000000708000000|  0%| F|  |TAMS 0x0000000707e00000| PB 0x0000000707e00000| Untracked |  0
|  56|0x0000000708000000, 0x0000000708000000, 0x0000000708200000|  0%| F|  |TAMS 0x0000000708000000| PB 0x0000000708000000| Untracked |  0
|  57|0x0000000708200000, 0x0000000708200000, 0x0000000708400000|  0%| F|  |TAMS 0x0000000708200000| PB 0x0000000708200000| Untracked |  0
|  58|0x0000000708400000, 0x0000000708400000, 0x0000000708600000|  0%| F|  |TAMS 0x0000000708400000| PB 0x0000000708400000| Untracked |  0
|  59|0x0000000708600000, 0x0000000708600000, 0x0000000708800000|  0%| F|  |TAMS 0x0000000708600000| PB 0x0000000708600000| Untracked |  0
|  60|0x0000000708800000, 0x0000000708800000, 0x0000000708a00000|  0%| F|  |TAMS 0x0000000708800000| PB 0x0000000708800000| Untracked |  0
|  61|0x0000000708a00000, 0x0000000708a00000, 0x0000000708c00000|  0%| F|  |TAMS 0x0000000708a00000| PB 0x0000000708a00000| Untracked |  0
|  62|0x0000000708c00000, 0x0000000708c00000, 0x0000000708e00000|  0%| F|  |TAMS 0x0000000708c00000| PB 0x0000000708c00000| Untracked |  0
|  63|0x0000000708e00000, 0x0000000708e00000, 0x0000000709000000|  0%| F|  |TAMS 0x0000000708e00000| PB 0x0000000708e00000| Untracked |  0
|  64|0x0000000709000000, 0x0000000709000000, 0x0000000709200000|  0%| F|  |TAMS 0x0000000709000000| PB 0x0000000709000000| Untracked |  0
|  65|0x0000000709200000, 0x0000000709200000, 0x0000000709400000|  0%| F|  |TAMS 0x0000000709200000| PB 0x0000000709200000| Untracked |  0
|  66|0x0000000709400000, 0x0000000709400000, 0x0000000709600000|  0%| F|  |TAMS 0x0000000709400000| PB 0x0000000709400000| Untracked |  0
|  67|0x0000000709600000, 0x0000000709600000, 0x0000000709800000|  0%| F|  |TAMS 0x0000000709600000| PB 0x0000000709600000| Untracked |  0
|  68|0x0000000709800000, 0x0000000709800000, 0x0000000709a00000|  0%| F|  |TAMS 0x0000000709800000| PB 0x0000000709800000| Untracked |  0
|  69|0x0000000709a00000, 0x0000000709a00000, 0x0000000709c00000|  0%| F|  |TAMS 0x0000000709a00000| PB 0x0000000709a00000| Untracked |  0
|  70|0x0000000709c00000, 0x0000000709c00000, 0x0000000709e00000|  0%| F|  |TAMS 0x0000000709c00000| PB 0x0000000709c00000| Untracked |  0
|  71|0x0000000709e00000, 0x0000000709e00000, 0x000000070a000000|  0%| F|  |TAMS 0x0000000709e00000| PB 0x0000000709e00000| Untracked |  0
|  72|0x000000070a000000, 0x000000070a000000, 0x000000070a200000|  0%| F|  |TAMS 0x000000070a000000| PB 0x000000070a000000| Untracked |  0
|  73|0x000000070a200000, 0x000000070a200000, 0x000000070a400000|  0%| F|  |TAMS 0x000000070a200000| PB 0x000000070a200000| Untracked |  0
|  74|0x000000070a400000, 0x000000070a400000, 0x000000070a600000|  0%| F|  |TAMS 0x000000070a400000| PB 0x000000070a400000| Untracked |  0
|  75|0x000000070a600000, 0x000000070a600000, 0x000000070a800000|  0%| F|  |TAMS 0x000000070a600000| PB 0x000000070a600000| Untracked |  0
|  76|0x000000070a800000, 0x000000070a800000, 0x000000070aa00000|  0%| F|  |TAMS 0x000000070a800000| PB 0x000000070a800000| Untracked |  0
|  77|0x000000070aa00000, 0x000000070aa00000, 0x000000070ac00000|  0%| F|  |TAMS 0x000000070aa00000| PB 0x000000070aa00000| Untracked |  0
|  78|0x000000070ac00000, 0x000000070ac00000, 0x000000070ae00000|  0%| F|  |TAMS 0x000000070ac00000| PB 0x000000070ac00000| Untracked |  0
|  79|0x000000070ae00000, 0x000000070ae00000, 0x000000070b000000|  0%| F|  |TAMS 0x000000070ae00000| PB 0x000000070ae00000| Untracked |  0
|  80|0x000000070b000000, 0x000000070b000000, 0x000000070b200000|  0%| F|  |TAMS 0x000000070b000000| PB 0x000000070b000000| Untracked |  0
|  81|0x000000070b200000, 0x000000070b200000, 0x000000070b400000|  0%| F|  |TAMS 0x000000070b200000| PB 0x000000070b200000| Untracked |  0
|  82|0x000000070b400000, 0x000000070b400000, 0x000000070b600000|  0%| F|  |TAMS 0x000000070b400000| PB 0x000000070b400000| Untracked |  0
|  83|0x000000070b600000, 0x000000070b600000, 0x000000070b800000|  0%| F|  |TAMS 0x000000070b600000| PB 0x000000070b600000| Untracked |  0
|  84|0x000000070b800000, 0x000000070b800000, 0x000000070ba00000|  0%| F|  |TAMS 0x000000070b800000| PB 0x000000070b800000| Untracked |  0
|  85|0x000000070ba00000, 0x000000070ba00000, 0x000000070bc00000|  0%| F|  |TAMS 0x000000070ba00000| PB 0x000000070ba00000| Untracked |  0
|  86|0x000000070bc00000, 0x000000070bc00000, 0x000000070be00000|  0%| F|  |TAMS 0x000000070bc00000| PB 0x000000070bc00000| Untracked |  0
|  87|0x000000070be00000, 0x000000070be00000, 0x000000070c000000|  0%| F|  |TAMS 0x000000070be00000| PB 0x000000070be00000| Untracked |  0
|  88|0x000000070c000000, 0x000000070c000000, 0x000000070c200000|  0%| F|  |TAMS 0x000000070c000000| PB 0x000000070c000000| Untracked |  0
|  89|0x000000070c200000, 0x000000070c200000, 0x000000070c400000|  0%| F|  |TAMS 0x000000070c200000| PB 0x000000070c200000| Untracked |  0
|  90|0x000000070c400000, 0x000000070c400000, 0x000000070c600000|  0%| F|  |TAMS 0x000000070c400000| PB 0x000000070c400000| Untracked |  0
|  91|0x000000070c600000, 0x000000070c600000, 0x000000070c800000|  0%| F|  |TAMS 0x000000070c600000| PB 0x000000070c600000| Untracked |  0
|  92|0x000000070c800000, 0x000000070c800000, 0x000000070ca00000|  0%| F|  |TAMS 0x000000070c800000| PB 0x000000070c800000| Untracked |  0
|  93|0x000000070ca00000, 0x000000070ca00000, 0x000000070cc00000|  0%| F|  |TAMS 0x000000070ca00000| PB 0x000000070ca00000| Untracked |  0
|  94|0x000000070cc00000, 0x000000070cc00000, 0x000000070ce00000|  0%| F|  |TAMS 0x000000070cc00000| PB 0x000000070cc00000| Untracked |  0
|  95|0x000000070ce00000, 0x000000070ce00000, 0x000000070d000000|  0%| F|  |TAMS 0x000000070ce00000| PB 0x000000070ce00000| Untracked |  0
|  96|0x000000070d000000, 0x000000070d000000, 0x000000070d200000|  0%| F|  |TAMS 0x000000070d000000| PB 0x000000070d000000| Untracked |  0
|  97|0x000000070d200000, 0x000000070d200000, 0x000000070d400000|  0%| F|  |TAMS 0x000000070d200000| PB 0x000000070d200000| Untracked |  0
|  98|0x000000070d400000, 0x000000070d400000, 0x000000070d600000|  0%| F|  |TAMS 0x000000070d400000| PB 0x000000070d400000| Untracked |  0
|  99|0x000000070d600000, 0x000000070d7d7a30, 0x000000070d800000| 92%| E|  |TAMS 0x000000070d600000| PB 0x000000070d600000| Complete |  0
| 100|0x000000070d800000, 0x000000070da00000, 0x000000070da00000|100%| E|CS|TAMS 0x000000070d800000| PB 0x000000070d800000| Complete |  0
| 101|0x000000070da00000, 0x000000070dc00000, 0x000000070dc00000|100%| E|CS|TAMS 0x000000070da00000| PB 0x000000070da00000| Complete |  0
| 102|0x000000070dc00000, 0x000000070de00000, 0x000000070de00000|100%| E|CS|TAMS 0x000000070dc00000| PB 0x000000070dc00000| Complete |  0
| 103|0x000000070de00000, 0x000000070de86050, 0x000000070e000000| 26%| S|CS|TAMS 0x000000070de00000| PB 0x000000070de00000| Complete |  0
| 104|0x000000070e000000, 0x000000070e200000, 0x000000070e200000|100%| S|CS|TAMS 0x000000070e000000| PB 0x000000070e000000| Complete |  0
| 105|0x000000070e200000, 0x000000070e400000, 0x000000070e400000|100%| S|CS|TAMS 0x000000070e200000| PB 0x000000070e200000| Complete |  0
| 106|0x000000070e400000, 0x000000070e600000, 0x000000070e600000|100%| E|CS|TAMS 0x000000070e400000| PB 0x000000070e400000| Complete |  0
| 107|0x000000070e600000, 0x000000070e800000, 0x000000070e800000|100%| E|CS|TAMS 0x000000070e600000| PB 0x000000070e600000| Complete |  0
| 108|0x000000070e800000, 0x000000070ea00000, 0x000000070ea00000|100%| E|CS|TAMS 0x000000070e800000| PB 0x000000070e800000| Complete |  0
| 109|0x000000070ea00000, 0x000000070ec00000, 0x000000070ec00000|100%| E|CS|TAMS 0x000000070ea00000| PB 0x000000070ea00000| Complete |  0
| 110|0x000000070ec00000, 0x000000070ee00000, 0x000000070ee00000|100%| E|CS|TAMS 0x000000070ec00000| PB 0x000000070ec00000| Complete |  0
| 111|0x000000070ee00000, 0x000000070f000000, 0x000000070f000000|100%| E|CS|TAMS 0x000000070ee00000| PB 0x000000070ee00000| Complete |  0
| 112|0x000000070f000000, 0x000000070f200000, 0x000000070f200000|100%| E|CS|TAMS 0x000000070f000000| PB 0x000000070f000000| Complete |  0
| 113|0x000000070f200000, 0x000000070f400000, 0x000000070f400000|100%| E|CS|TAMS 0x000000070f200000| PB 0x000000070f200000| Complete |  0
| 114|0x000000070f400000, 0x000000070f600000, 0x000000070f600000|100%| E|CS|TAMS 0x000000070f400000| PB 0x000000070f400000| Complete |  0
| 115|0x000000070f600000, 0x000000070f800000, 0x000000070f800000|100%| E|CS|TAMS 0x000000070f600000| PB 0x000000070f600000| Complete |  0
| 116|0x000000070f800000, 0x000000070fa00000, 0x000000070fa00000|100%| E|CS|TAMS 0x000000070f800000| PB 0x000000070f800000| Complete |  0
| 117|0x000000070fa00000, 0x000000070fc00000, 0x000000070fc00000|100%| E|CS|TAMS 0x000000070fa00000| PB 0x000000070fa00000| Complete |  0
| 118|0x000000070fc00000, 0x000000070fe00000, 0x000000070fe00000|100%| E|CS|TAMS 0x000000070fc00000| PB 0x000000070fc00000| Complete |  0
| 119|0x000000070fe00000, 0x0000000710000000, 0x0000000710000000|100%| E|CS|TAMS 0x000000070fe00000| PB 0x000000070fe00000| Complete |  0
| 120|0x0000000710000000, 0x0000000710200000, 0x0000000710200000|100%| E|CS|TAMS 0x0000000710000000| PB 0x0000000710000000| Complete |  0
| 121|0x0000000710200000, 0x0000000710400000, 0x0000000710400000|100%| E|CS|TAMS 0x0000000710200000| PB 0x0000000710200000| Complete |  0
| 122|0x0000000710400000, 0x0000000710600000, 0x0000000710600000|100%| E|CS|TAMS 0x0000000710400000| PB 0x0000000710400000| Complete |  0
| 123|0x0000000710600000, 0x0000000710800000, 0x0000000710800000|100%| E|CS|TAMS 0x0000000710600000| PB 0x0000000710600000| Complete |  0
| 124|0x0000000710800000, 0x0000000710a00000, 0x0000000710a00000|100%| E|CS|TAMS 0x0000000710800000| PB 0x0000000710800000| Complete |  0
| 125|0x0000000710a00000, 0x0000000710c00000, 0x0000000710c00000|100%| E|CS|TAMS 0x0000000710a00000| PB 0x0000000710a00000| Complete |  0
| 126|0x0000000710c00000, 0x0000000710e00000, 0x0000000710e00000|100%| E|CS|TAMS 0x0000000710c00000| PB 0x0000000710c00000| Complete |  0
| 127|0x0000000710e00000, 0x0000000711000000, 0x0000000711000000|100%| E|CS|TAMS 0x0000000710e00000| PB 0x0000000710e00000| Complete |  0
|2039|0x00000007ffe00000, 0x00000007fff1c288, 0x0000000800000000| 55%| O|  |TAMS 0x00000007ffe00000| PB 0x00000007ffe00000| Untracked |  0

Card table byte_map: [0x000002270f800000,0x0000022710000000] _byte_map_base: 0x000002270bff8000

Marking Bits: (CMBitMap*) 0x0000022777139c70
 Bits: [0x0000022710000000, 0x0000022713fc0000)

Polling page: 0x00000227750c0000

Metaspace:

Usage:
  Non-class:     15.76 MB used.
      Class:      2.21 MB used.
       Both:     17.96 MB used.

Virtual space:
  Non-class space:       64.00 MB reserved,      15.94 MB ( 25%) committed,  1 nodes.
      Class space:        1.00 GB reserved,       2.31 MB ( <1%) committed,  1 nodes.
             Both:        1.06 GB reserved,      18.25 MB (  2%) committed. 

Chunk freelists:
   Non-Class:  108.00 KB
       Class:  13.58 MB
        Both:  13.69 MB

MaxMetaspaceSize: unlimited
CompressedClassSpaceSize: 1.00 GB
Initial GC threshold: 21.00 MB
Current GC threshold: 21.00 MB
CDS: on
 - commit_granule_bytes: 65536.
 - commit_granule_words: 8192.
 - virtual_space_node_default_size: 8388608.
 - enlarge_chunks_in_place: 1.
UseCompressedClassPointers 1, UseCompactObjectHeaders 0
Narrow klass pointer bits 32, Max shift 3
Narrow klass base: 0x0000022717000000, Narrow klass shift: 0
Encoding Range: [0x0000022717000000 - 0x0000022817000000), (4294967296 bytes)
Klass Range:    [0x0000022717000000 - 0x0000022758000000), (1090519040 bytes)
Klass ID Range:  [8 - 1090519033) (1090519025)


Internal statistics:

num_allocs_failed_limit: 0.
num_arena_births: 284.
num_arena_deaths: 0.
num_vsnodes_births: 2.
num_vsnodes_deaths: 0.
num_space_committed: 292.
num_space_uncommitted: 0.
num_chunks_returned_to_freelist: 0.
num_chunks_taken_from_freelist: 703.
num_chunk_merges: 0.
num_chunk_splits: 489.
num_chunks_enlarged: 384.
num_inconsistent_stats: 0.

CodeHeap 'non-profiled nmethods': size=120064Kb used=1073Kb max_used=1073Kb free=118990Kb
 bounds [0x0000022707ac0000, 0x0000022707d30000, 0x000002270f000000]
CodeHeap 'profiled nmethods': size=120000Kb used=4866Kb max_used=4866Kb free=115133Kb
 bounds [0x0000022700000000, 0x00000227004d0000, 0x0000022707530000]
CodeHeap 'non-nmethods': size=5696Kb used=1664Kb max_used=1703Kb free=4032Kb
 bounds [0x0000022707530000, 0x00000227077a0000, 0x0000022707ac0000]
CodeCache: size=245760Kb, used=7603Kb, max_used=7642Kb, free=238155Kb
 total_blobs=3981, nmethods=3152, adapters=734, full_count=0
Compilation: enabled, stopped_count=0, restarted_count=0

Compilation events (20 events):
Event: 4.315 Thread 0x0000022716508070 nmethod 3145 0x0000022707bc8788 code [0x0000022707bc8880, 0x0000022707bc8948]
Event: 4.315 Thread 0x0000022716508070 3146   !   3       jdk.jfr.internal.Control::setValue (102 bytes)
Event: 4.315 Thread 0x000002271665ddf0 nmethod 3127 0x0000022707bc8a88 code [0x0000022707bc8ba0, 0x0000022707bc8db0]
Event: 4.315 Thread 0x000002271665ddf0 3118  s    4       java.io.DataOutputStream::write (14 bytes)
Event: 4.316 Thread 0x0000022716508070 nmethod 3146 0x00000227004bd008 code [0x00000227004bd2a0, 0x00000227004be6f8]
Event: 4.317 Thread 0x000002271665ddf0 nmethod 3118 0x0000022707bc8e08 code [0x0000022707bc8f60, 0x0000022707bc9748]
Event: 4.317 Thread 0x000002271665ddf0 3119       4       jdk.jfr.internal.MetadataWriter::writeInt (148 bytes)
Event: 4.318 Thread 0x0000022716508070 3147       1       jdk.jfr.internal.periodic.EventTask::getEventType (5 bytes)
Event: 4.318 Thread 0x0000022716508070 nmethod 3147 0x0000022707bc9788 code [0x0000022707bc9880, 0x0000022707bc9948]
Event: 4.318 Thread 0x0000022716508070 3148       1       jdk.jfr.internal.periodic.PeriodicTask::getPeriod (5 bytes)
Event: 4.318 Thread 0x0000022716508070 nmethod 3148 0x0000022707bc9a88 code [0x0000022707bc9b80, 0x0000022707bc9c48]
Event: 4.318 Thread 0x0000022716508070 3149       3       java.util.Comparator$$Lambda/0x000002271824c108::compare (10 bytes)
Event: 4.318 Thread 0x0000022716508070 nmethod 3149 0x00000227004be788 code [0x00000227004be8e0, 0x00000227004bed58]
Event: 4.318 Thread 0x0000022716508070 3150       3       java.util.Comparator::lambda$comparingLong$6043328a$1 (18 bytes)
Event: 4.318 Thread 0x0000022716508070 nmethod 3150 0x00000227004bed88 code [0x00000227004beee0, 0x00000227004bf2c0]
Event: 4.323 Thread 0x000002271665ddf0 nmethod 3119 0x0000022707bc9d88 code [0x0000022707bc9f80, 0x0000022707bcb7a0]
Event: 4.323 Thread 0x000002271665ddf0 3125       4       java.util.LinkedHashMap::get (29 bytes)
Event: 4.328 Thread 0x000002271665ddf0 nmethod 3125 0x0000022707bcb808 code [0x0000022707bcb960, 0x0000022707bcbd68]
Event: 4.328 Thread 0x000002271665ddf0 3104       4       java.util.Collections$UnmodifiableCollection$1::next (10 bytes)
Event: 4.329 Thread 0x000002271665ddf0 nmethod 3104 0x0000022707bcbe08 code [0x0000022707bcbf20, 0x0000022707bcc0f0]

GC Heap History (2 events):
Event: 0.940 GC heap before
{Heap before GC invocations=0 (full 0):
 garbage-first heap   total reserved 4177920K, committed 264192K, used 44144K [0x0000000701000000, 0x0000000800000000)
  region size 2048K, 22 young (45056K), 0 survivors (0K)
 Metaspace       used 10411K, committed 10688K, reserved 1114112K
  class space    used 1000K, committed 1152K, reserved 1048576K
}
Event: 0.945 GC heap after
{Heap after GC invocations=1 (full 0):
 garbage-first heap   total reserved 4177920K, committed 264192K, used 5768K [0x0000000701000000, 0x0000000800000000)
  region size 2048K, 3 young (6144K), 3 survivors (6144K)
 Metaspace       used 10411K, committed 10688K, reserved 1114112K
  class space    used 1000K, committed 1152K, reserved 1048576K
}

Dll operation events (20 events):
Event: 0.464 Loaded shared library C:\Users\thiag\.openjfx\cache\17.0.6\api-ms-win-crt-locale-l1-1-0.dll
Event: 0.466 Loaded shared library C:\Users\thiag\.openjfx\cache\17.0.6\api-ms-win-crt-math-l1-1-0.dll
Event: 0.469 Loaded shared library C:\Users\thiag\.openjfx\cache\17.0.6\api-ms-win-crt-multibyte-l1-1-0.dll
Event: 0.472 Loaded shared library C:\Users\thiag\.openjfx\cache\17.0.6\api-ms-win-crt-private-l1-1-0.dll
Event: 0.474 Loaded shared library C:\Users\thiag\.openjfx\cache\17.0.6\api-ms-win-crt-process-l1-1-0.dll
Event: 0.477 Loaded shared library C:\Users\thiag\.openjfx\cache\17.0.6\api-ms-win-crt-runtime-l1-1-0.dll
Event: 0.480 Loaded shared library C:\Users\thiag\.openjfx\cache\17.0.6\api-ms-win-crt-stdio-l1-1-0.dll
Event: 0.486 Loaded shared library C:\Users\thiag\.openjfx\cache\17.0.6\api-ms-win-crt-string-l1-1-0.dll
Event: 0.488 Loaded shared library C:\Users\thiag\.openjfx\cache\17.0.6\api-ms-win-crt-time-l1-1-0.dll
Event: 0.491 Loaded shared library C:\Users\thiag\.openjfx\cache\17.0.6\api-ms-win-crt-utility-l1-1-0.dll
Event: 0.502 Loaded shared library C:\Users\thiag\.openjfx\cache\17.0.6\ucrtbase.dll
Event: 0.505 Loaded shared library C:\Users\thiag\.openjfx\cache\17.0.6\vcruntime140.dll
Event: 0.515 Loaded shared library C:\Users\thiag\.openjfx\cache\17.0.6\vcruntime140_1.dll
Event: 0.530 Loaded shared library C:\Users\thiag\.openjfx\cache\17.0.6\msvcp140.dll
Event: 0.533 Loaded shared library C:\Users\thiag\.openjfx\cache\17.0.6\msvcp140_1.dll
Event: 0.538 Loaded shared library C:\Users\thiag\.openjfx\cache\17.0.6\msvcp140_2.dll
Event: 0.599 Loaded shared library C:\Users\thiag\.openjfx\cache\17.0.6\prism_d3d.dll
Event: 0.709 Loaded shared library C:\Users\thiag\.openjfx\cache\17.0.6\glass.dll
Event: 0.946 Loaded shared library C:\Users\thiag\.openjfx\cache\17.0.6\javafx_font.dll
Event: 4.182 Loaded shared library C:\Users\thiag\AppData\Local\Temp\idea_libasyncProfiler_dll_temp_folder\libasyncProfiler.dll

Deoptimization events (20 events):
Event: 4.259 Thread 0x00000227162ae310 Uncommon trap: trap_request=0xffffff4d fr.pc=0x0000022707b3434c relative=0x000000000000028c
Event: 4.259 Thread 0x00000227162ae310 Uncommon trap: reason=unstable_if action=reinterpret pc=0x0000022707b3434c method=java.util.concurrent.ConcurrentHashMap.get(Ljava/lang/Object;)Ljava/lang/Object; @ 76 c2
Event: 4.259 Thread 0x00000227162ae310 DEOPT PACKING pc=0x0000022707b3434c sp=0x0000004eda1fe1f0
Event: 4.259 Thread 0x00000227162ae310 DEOPT UNPACKING pc=0x0000022707644102 sp=0x0000004eda1fe168 mode 2
Event: 4.265 Thread 0x00000227162ae310 Uncommon trap: trap_request=0xffffffcc fr.pc=0x0000022707bb0104 relative=0x00000000000003c4
Event: 4.265 Thread 0x00000227162ae310 Uncommon trap: reason=intrinsic_or_type_checked_inlining action=make_not_entrant pc=0x0000022707bb0104 method=java.util.Arrays.copyOf([Ljava/lang/Object;ILjava/lang/Class;)[Ljava/lang/Object; @ 35 c2
Event: 4.265 Thread 0x00000227162ae310 DEOPT PACKING pc=0x0000022707bb0104 sp=0x0000004eda1fe350
Event: 4.265 Thread 0x00000227162ae310 DEOPT UNPACKING pc=0x0000022707644102 sp=0x0000004eda1fe2e0 mode 2
Event: 4.301 Thread 0x00000227162ae310 Uncommon trap: trap_request=0xffffff4d fr.pc=0x0000022707bb96a0 relative=0x0000000000000100
Event: 4.301 Thread 0x00000227162ae310 Uncommon trap: reason=unstable_if action=reinterpret pc=0x0000022707bb96a0 method=java.lang.Long.valueOf(J)Ljava/lang/Long; @ 9 c2
Event: 4.301 Thread 0x00000227162ae310 DEOPT PACKING pc=0x0000022707bb96a0 sp=0x0000004eda1fe850
Event: 4.301 Thread 0x00000227162ae310 DEOPT UNPACKING pc=0x0000022707644102 sp=0x0000004eda1fe7e8 mode 2
Event: 4.305 Thread 0x00000227162ae310 Uncommon trap: trap_request=0xffffff4d fr.pc=0x0000022707bc4eac relative=0x000000000000020c
Event: 4.305 Thread 0x00000227162ae310 Uncommon trap: reason=unstable_if action=reinterpret pc=0x0000022707bc4eac method=java.io.ByteArrayOutputStream.ensureCapacity(I)V @ 11 c2
Event: 4.305 Thread 0x00000227162ae310 DEOPT PACKING pc=0x0000022707bc4eac sp=0x0000004eda1fe660
Event: 4.305 Thread 0x00000227162ae310 DEOPT UNPACKING pc=0x0000022707644102 sp=0x0000004eda1fe598 mode 2
Event: 4.308 Thread 0x00000227162ae310 Uncommon trap: trap_request=0xffffff4d fr.pc=0x0000022707bc46e4 relative=0x0000000000000064
Event: 4.308 Thread 0x00000227162ae310 Uncommon trap: reason=unstable_if action=reinterpret pc=0x0000022707bc46e4 method=java.io.ByteArrayOutputStream.ensureCapacity(I)V @ 11 c2
Event: 4.308 Thread 0x00000227162ae310 DEOPT PACKING pc=0x0000022707bc46e4 sp=0x0000004eda1fe550
Event: 4.308 Thread 0x00000227162ae310 DEOPT UNPACKING pc=0x0000022707644102 sp=0x0000004eda1fe4d0 mode 2

Classes loaded (20 events):
Event: 4.294 Loading class jdk/jfr/internal/MetadataWriter
Event: 4.294 Loading class jdk/jfr/internal/MetadataWriter done
Event: 4.294 Loading class jdk/jfr/internal/MetadataDescriptor$Element
Event: 4.294 Loading class jdk/jfr/internal/MetadataDescriptor$Element done
Event: 4.295 Loading class jdk/jfr/internal/MetadataDescriptor$Attribute
Event: 4.295 Loading class jdk/jfr/internal/MetadataDescriptor$Attribute done
Event: 4.302 Loading class jdk/jfr/internal/consumer/StringParser$Encoding
Event: 4.303 Loading class jdk/jfr/internal/consumer/StringParser$Encoding done
Event: 4.311 Loading class jdk/jfr/internal/consumer/RepositoryFiles
Event: 4.311 Loading class jdk/jfr/internal/consumer/RepositoryFiles done
Event: 4.313 Loading class jdk/jfr/internal/SettingsManager$InternalSetting
Event: 4.313 Loading class jdk/jfr/internal/SettingsManager$InternalSetting done
Event: 4.314 Loading class jdk/jfr/internal/util/Rate
Event: 4.314 Loading class jdk/jfr/internal/util/Rate done
Event: 4.314 Loading class jdk/jfr/internal/util/TimespanUnit
Event: 4.314 Loading class jdk/jfr/internal/util/TimespanUnit done
Event: 4.314 Loading class jdk/jfr/internal/util/ValueParser
Event: 4.314 Loading class jdk/jfr/internal/util/ValueParser done
Event: 4.315 Loading class jdk/jfr/internal/periodic/PeriodicType
Event: 4.315 Loading class jdk/jfr/internal/periodic/PeriodicType done

Classes unloaded (0 events):
No events

Classes redefined (0 events):
No events

Internal exceptions (20 events):
Event: 1.050 Thread 0x000002275c52e250 Exception <a 'java/lang/NoSuchMethodError'{0x0000000710574380}: 'java.lang.Object java.lang.invoke.DirectMethodHandle$Holder.invokeStatic(java.lang.Object, long)'> (0x0000000710574380) 
thrown [s\open\src\hotspot\share\interpreter\linkResolver.cpp, line 805]
Event: 1.050 Thread 0x000002275c52e250 Exception <a 'java/lang/NoSuchMethodError'{0x0000000710584428}: 'long java.lang.invoke.DelegatingMethodHandle$Holder.reinvoke_L(java.lang.Object, java.lang.Object)'> (0x0000000710584428) 
thrown [s\open\src\hotspot\share\interpreter\linkResolver.cpp, line 805]
Event: 1.186 Thread 0x000002275d30a130 Exception <a 'java/lang/IncompatibleClassChangeError'{0x000000070fba0c90}: Found class java.lang.Object, but interface was expected> (0x000000070fba0c90) 
thrown [s\open\src\hotspot\share\interpreter\linkResolver.cpp, line 872]
Event: 1.221 Thread 0x000002275d30a130 Exception <a 'java/lang/ClassNotFoundException'{0x000000070f697008}: com/sun/javafx/scene/control/skin/resources/controls> (0x000000070f697008) 
thrown [s\open\src\hotspot\share\prims\jni.cpp, line 536]
Event: 1.222 Thread 0x000002275d30a130 Exception <a 'java/lang/ClassNotFoundException'{0x000000070f6a4018}: com/sun/javafx/scene/control/skin/resources/controls_pt> (0x000000070f6a4018) 
thrown [s\open\src\hotspot\share\prims\jni.cpp, line 536]
Event: 1.222 Thread 0x000002275d30a130 Exception <a 'java/lang/ClassNotFoundException'{0x000000070f6a4e68}: com/sun/javafx/scene/control/skin/resources/controls_pt_BR> (0x000000070f6a4e68) 
thrown [s\open\src\hotspot\share\prims\jni.cpp, line 536]
Event: 1.360 Thread 0x000002275d30a130 Exception <a 'java/lang/NoSuchMethodError'{0x000000070efbdd68}: 'int java.lang.invoke.DirectMethodHandle$Holder.invokeSpecial(java.lang.Object, java.lang.Object, int)'> (0x000000070efbdd68) 
thrown [s\open\src\hotspot\share\interpreter\linkResolver.cpp, line 805]
Event: 1.362 Thread 0x000002275d30a130 Exception <a 'java/lang/NoSuchMethodError'{0x000000070efdd728}: 'java.lang.Object java.lang.invoke.DirectMethodHandle$Holder.invokeStatic(java.lang.Object, java.lang.Object, java.lang.Object, java.lang.Object, int)'> (0x000000070efdd728) 
thrown [s\open\src\hotspot\share\interpreter\linkResolver.cpp, line 805]
Event: 1.374 Thread 0x000002275d30a130 Exception <a 'java/lang/NoSuchMethodError'{0x000000070ec403c0}: 'java.lang.Object java.lang.invoke.DirectMethodHandle$Holder.newInvokeSpecial(java.lang.Object, java.lang.Object, int)'> (0x000000070ec403c0) 
thrown [s\open\src\hotspot\share\interpreter\linkResolver.cpp, line 805]
Event: 1.394 Thread 0x000002275d30a130 Exception <a 'java/lang/NoSuchMethodError'{0x000000070ecc7f98}: 'long java.lang.invoke.DirectMethodHandle$Holder.invokeStatic(java.lang.Object, java.lang.Object, java.lang.Object)'> (0x000000070ecc7f98) 
thrown [s\open\src\hotspot\share\interpreter\linkResolver.cpp, line 805]
Event: 1.394 Thread 0x000002275d30a130 Exception <a 'java/lang/NoSuchMethodError'{0x000000070eccfdf8}: 'long java.lang.invoke.DirectMethodHandle$Holder.invokeStaticInit(java.lang.Object, java.lang.Object, java.lang.Object)'> (0x000000070eccfdf8) 
thrown [s\open\src\hotspot\share\interpreter\linkResolver.cpp, line 805]
Event: 1.395 Thread 0x000002275d277d20 Exception <a 'java/lang/NoSuchMethodError'{0x000000070ed08058}: 'int java.lang.invoke.DirectMethodHandle$Holder.invokeStaticInit(java.lang.Object, java.lang.Object)'> (0x000000070ed08058) 
thrown [s\open\src\hotspot\share\interpreter\linkResolver.cpp, line 805]
Event: 1.396 Thread 0x000002275d30a130 Exception <a 'java/lang/NoSuchMethodError'{0x000000070ed7f558}: 'java.lang.Object java.lang.invoke.DirectMethodHandle$Holder.newInvokeSpecial(java.lang.Object, java.lang.Object, long)'> (0x000000070ed7f558) 
thrown [s\open\src\hotspot\share\interpreter\linkResolver.cpp, line 805]
Event: 4.230 Thread 0x00000227162ae310 Exception <a 'java/lang/NoSuchMethodError'{0x000000070e5d7230}: 'int java.lang.invoke.DirectMethodHandle$Holder.invokeStatic(java.lang.Object, java.lang.Object, java.lang.Object, java.lang.Object)'> (0x000000070e5d7230) 
thrown [s\open\src\hotspot\share\interpreter\linkResolver.cpp, line 805]
Event: 4.282 Thread 0x00000227162ae310 Exception <a 'java/lang/NoSuchMethodError'{0x000000070dbcb1b8}: 'void java.lang.invoke.DirectMethodHandle$Holder.invokeSpecial(java.lang.Object, java.lang.Object, int)'> (0x000000070dbcb1b8) 
thrown [s\open\src\hotspot\share\interpreter\linkResolver.cpp, line 805]
Event: 4.282 Thread 0x00000227162ae310 Exception <a 'java/lang/NoSuchMethodError'{0x000000070dbd2dd8}: 'void java.lang.invoke.Invokers$Holder.invokeExact_MT(java.lang.Object, int, java.lang.Object)'> (0x000000070dbd2dd8) 
thrown [s\open\src\hotspot\share\interpreter\linkResolver.cpp, line 805]
Event: 4.283 Thread 0x00000227162ae310 Exception <a 'java/lang/NoSuchMethodError'{0x000000070dbed350}: 'void java.lang.invoke.DirectMethodHandle$Holder.invokeStatic(java.lang.Object, java.lang.Object, int)'> (0x000000070dbed350) 
thrown [s\open\src\hotspot\share\interpreter\linkResolver.cpp, line 805]
Event: 4.286 Thread 0x00000227162ae310 Exception <a 'sun/nio/fs/WindowsException'{0x000000070d86e790}> (0x000000070d86e790) 
thrown [s\open\src\hotspot\share\prims\jni.cpp, line 518]
Event: 4.287 Thread 0x00000227162ae310 Exception <a 'sun/nio/fs/WindowsException'{0x000000070d87b548}> (0x000000070d87b548) 
thrown [s\open\src\hotspot\share\prims\jni.cpp, line 518]
Event: 4.291 Thread 0x00000227162ae310 Exception <a 'sun/nio/fs/WindowsException'{0x000000070d88d248}> (0x000000070d88d248) 
thrown [s\open\src\hotspot\share\prims\jni.cpp, line 518]

VM Operations (20 events):
Event: 0.328 Executing VM operation: HandshakeAllThreads (Deoptimize)
Event: 0.329 Executing VM operation: HandshakeAllThreads (Deoptimize) done
Event: 0.374 Executing VM operation: HandshakeAllThreads (Deoptimize)
Event: 0.374 Executing VM operation: HandshakeAllThreads (Deoptimize) done
Event: 0.474 Executing VM operation: HandshakeAllThreads (Deoptimize)
Event: 0.474 Executing VM operation: HandshakeAllThreads (Deoptimize) done
Event: 0.549 Executing VM operation: HandshakeAllThreads (Deoptimize)
Event: 0.549 Executing VM operation: HandshakeAllThreads (Deoptimize) done
Event: 0.651 Executing VM operation: HandshakeAllThreads (Deoptimize)
Event: 0.651 Executing VM operation: HandshakeAllThreads (Deoptimize) done
Event: 0.703 Executing VM operation: HandshakeAllThreads (Deoptimize)
Event: 0.703 Executing VM operation: HandshakeAllThreads (Deoptimize) done
Event: 0.940 Executing VM operation: G1CollectForAllocation (G1 Evacuation Pause)
Event: 0.945 Executing VM operation: G1CollectForAllocation (G1 Evacuation Pause) done
Event: 0.954 Executing VM operation: HandshakeAllThreads (Deoptimize)
Event: 0.954 Executing VM operation: HandshakeAllThreads (Deoptimize) done
Event: 4.285 Executing VM operation: HandshakeAllThreads (Deoptimize)
Event: 4.285 Executing VM operation: HandshakeAllThreads (Deoptimize) done
Event: 4.312 Executing VM operation: JFRSafepointClear
Event: 4.312 Executing VM operation: JFRSafepointClear done

Memory protections (0 events):
No events

Nmethod flushes (0 events):
No events

Events (20 events):
Event: 0.081 Thread 0x0000022716508070 Thread added: 0x000002271665d660
Event: 0.195 Thread 0x00000227770d09a0 Thread added: 0x000002275c053df0
Event: 0.195 Thread 0x00000227770d09a0 Thread added: 0x000002275c054530
Event: 0.575 Thread 0x00000227770d09a0 Thread added: 0x000002275d277d20
Event: 0.577 Thread 0x00000227162ae310 Thread added: 0x000002275d29f020
Event: 0.622 Thread 0x000002275d29f020 Thread added: 0x000002275c52e250
Event: 0.645 Thread 0x000002275c52e250 Thread added: 0x00000227167e3df0
Event: 0.650 Thread 0x000002275c52e250 Thread added: 0x000002275d27e420
Event: 0.711 Thread 0x00000227770d09a0 Thread added: 0x000002275d2d1b40
Event: 0.714 Thread 0x00000227770d09a0 Thread added: 0x000002275d30a130
Event: 0.840 Thread 0x000002271665d660 Thread exited: 0x000002271665d660
Event: 0.877 Thread 0x00000227770d09a0 Thread added: 0x000002275d2e16d0
Event: 0.880 Thread 0x000002275d2e3410 Thread added: 0x000002275d2e3410
Event: 0.960 Thread 0x0000022716508070 Thread added: 0x000002271665ced0
Event: 1.182 Thread 0x000002275d30a130 Thread added: 0x000002275d2e1e20
Event: 1.424 Thread 0x000002275d277d20 Thread added: 0x000002275d2e3b60
Event: 1.584 Thread 0x000002271665ced0 Thread exited: 0x000002271665ced0
Event: 4.196 Thread 0x0000022716508070 Thread added: 0x000002271665ddf0
Event: 4.205 Thread 0x00000227162ae310 Thread added: 0x000002275d2e2570
Event: 4.284 Thread 0x00000227162ae310 Thread added: 0x00000227653ab600


Dynamic libraries:
0x00007ff7716b0000 - 0x00007ff7716be000 	C:\Users\thiag\.jdks\openjdk-24.0.1\bin\java.exe
0x00007ffa12bf0000 - 0x00007ffa12de8000 	C:\Windows\SYSTEM32\ntdll.dll
0x00007ffa12a50000 - 0x00007ffa12b12000 	C:\Windows\System32\KERNEL32.DLL
0x00007ffa105a0000 - 0x00007ffa10896000 	C:\Windows\System32\KERNELBASE.dll
0x00007ffa10280000 - 0x00007ffa10380000 	C:\Windows\System32\ucrtbase.dll
0x00007ff9f9c70000 - 0x00007ff9f9c8b000 	C:\Users\thiag\.jdks\openjdk-24.0.1\bin\VCRUNTIME140.dll
0x00007ffa00ee0000 - 0x00007ffa00ef6000 	C:\Users\thiag\.jdks\openjdk-24.0.1\bin\jli.dll
0x00007ffa11710000 - 0x00007ffa118ad000 	C:\Windows\System32\USER32.dll
0x00007ffa02300000 - 0x00007ffa0259a000 	C:\Windows\WinSxS\amd64_microsoft.windows.common-controls_6595b64144ccf1df_6.0.19041.5915_none_60b4b9d171f9c7c7\COMCTL32.dll
0x00007ffa10540000 - 0x00007ffa10562000 	C:\Windows\System32\win32u.dll
0x00007ffa126d0000 - 0x00007ffa1276e000 	C:\Windows\System32\msvcrt.dll
0x00007ffa12b80000 - 0x00007ffa12bab000 	C:\Windows\System32\GDI32.dll
0x00007ffa108a0000 - 0x00007ffa109b9000 	C:\Windows\System32\gdi32full.dll
0x00007ffa10a10000 - 0x00007ffa10aad000 	C:\Windows\System32\msvcp_win.dll
0x00007ffa11ee0000 - 0x00007ffa11f0f000 	C:\Windows\System32\IMM32.DLL
0x00007ffa00e60000 - 0x00007ffa00e6c000 	C:\Users\thiag\.jdks\openjdk-24.0.1\bin\vcruntime140_1.dll
0x00007ff9cc040000 - 0x00007ff9cc0ce000 	C:\Users\thiag\.jdks\openjdk-24.0.1\bin\msvcp140.dll
0x00007ff98ea10000 - 0x00007ff98f7b2000 	C:\Users\thiag\.jdks\openjdk-24.0.1\bin\server\jvm.dll
0x00007ffa124b0000 - 0x00007ffa12561000 	C:\Windows\System32\ADVAPI32.dll
0x00007ffa12580000 - 0x00007ffa1261f000 	C:\Windows\System32\sechost.dll
0x00007ffa12380000 - 0x00007ffa124a3000 	C:\Windows\System32\RPCRT4.dll
0x00007ffa10570000 - 0x00007ffa10597000 	C:\Windows\System32\bcrypt.dll
0x00007ffa11e70000 - 0x00007ffa11edb000 	C:\Windows\System32\WS2_32.dll
0x00007ffa0fc90000 - 0x00007ffa0fcdb000 	C:\Windows\SYSTEM32\POWRPROF.dll
0x00007ffa08b80000 - 0x00007ffa08b8a000 	C:\Windows\SYSTEM32\VERSION.dll
0x00007ffa00690000 - 0x00007ffa006b7000 	C:\Windows\SYSTEM32\WINMM.dll
0x00007ffa0fc40000 - 0x00007ffa0fc52000 	C:\Windows\SYSTEM32\UMPDC.dll
0x00007ffa0eac0000 - 0x00007ffa0ead2000 	C:\Windows\SYSTEM32\kernel.appcore.dll
0x00007ff9f9c50000 - 0x00007ff9f9c5a000 	C:\Users\thiag\.jdks\openjdk-24.0.1\bin\jimage.dll
0x00007ffa0de30000 - 0x00007ffa0e031000 	C:\Windows\SYSTEM32\DBGHELP.DLL
0x00007ff9f6a70000 - 0x00007ff9f6aa4000 	C:\Windows\SYSTEM32\dbgcore.DLL
0x00007ffa10400000 - 0x00007ffa10482000 	C:\Windows\System32\bcryptPrimitives.dll
0x00007ff9f5750000 - 0x00007ff9f575f000 	C:\Users\thiag\.jdks\openjdk-24.0.1\bin\instrument.dll
0x00007ff9f1be0000 - 0x00007ff9f1bfe000 	C:\Users\thiag\.jdks\openjdk-24.0.1\bin\java.dll
0x00007ffa12920000 - 0x00007ffa12a4b000 	C:\Windows\System32\ole32.dll
0x00007ffa118b0000 - 0x00007ffa11c03000 	C:\Windows\System32\combase.dll
0x00007ffa10cc0000 - 0x00007ffa1142e000 	C:\Windows\System32\SHELL32.dll
0x00007ffa0e040000 - 0x00007ffa0e7e3000 	C:\Windows\SYSTEM32\windows.storage.dll
0x00007ffa0fc60000 - 0x00007ffa0fc8b000 	C:\Windows\SYSTEM32\Wldp.dll
0x00007ffa11da0000 - 0x00007ffa11e6d000 	C:\Windows\System32\OLEAUT32.dll
0x00007ffa11cf0000 - 0x00007ffa11d9d000 	C:\Windows\System32\SHCORE.dll
0x00007ffa116b0000 - 0x00007ffa1170b000 	C:\Windows\System32\shlwapi.dll
0x00007ffa101b0000 - 0x00007ffa101d5000 	C:\Windows\SYSTEM32\profapi.dll
0x00007ff9cbf60000 - 0x00007ff9cc037000 	C:\Users\thiag\.jdks\openjdk-24.0.1\bin\jsvml.dll
0x00007ff9f7830000 - 0x00007ff9f7840000 	C:\Users\thiag\.jdks\openjdk-24.0.1\bin\net.dll
0x00007ffa0f940000 - 0x00007ffa0f9aa000 	C:\Windows\system32\mswsock.dll
0x00007ff9f1bc0000 - 0x00007ff9f1bd6000 	C:\Users\thiag\.jdks\openjdk-24.0.1\bin\nio.dll
0x00007ff9eefe0000 - 0x00007ff9eeff7000 	C:\Users\thiag\.jdks\openjdk-24.0.1\bin\zip.dll
0x0000022716a10000 - 0x0000022716a13000 	C:\Users\thiag\.openjfx\cache\17.0.6\api-ms-win-core-console-l1-1-0.dll
0x0000022716900000 - 0x0000022716903000 	C:\Users\thiag\.openjfx\cache\17.0.6\api-ms-win-core-console-l1-2-0.dll
0x0000022716910000 - 0x0000022716913000 	C:\Users\thiag\.openjfx\cache\17.0.6\api-ms-win-core-datetime-l1-1-0.dll
0x0000022716920000 - 0x0000022716923000 	C:\Users\thiag\.openjfx\cache\17.0.6\api-ms-win-core-debug-l1-1-0.dll
0x0000022716930000 - 0x0000022716933000 	C:\Users\thiag\.openjfx\cache\17.0.6\api-ms-win-core-errorhandling-l1-1-0.dll
0x0000022716940000 - 0x0000022716944000 	C:\Users\thiag\.openjfx\cache\17.0.6\api-ms-win-core-file-l1-1-0.dll
0x0000022716950000 - 0x0000022716953000 	C:\Users\thiag\.openjfx\cache\17.0.6\api-ms-win-core-file-l1-2-0.dll
0x0000022716960000 - 0x0000022716963000 	C:\Users\thiag\.openjfx\cache\17.0.6\api-ms-win-core-file-l2-1-0.dll
0x0000022716970000 - 0x0000022716973000 	C:\Users\thiag\.openjfx\cache\17.0.6\api-ms-win-core-handle-l1-1-0.dll
0x00007ffa0f660000 - 0x00007ffa0f72a000 	C:\Windows\SYSTEM32\DNSAPI.dll
0x00007ffa0f620000 - 0x00007ffa0f65b000 	C:\Windows\SYSTEM32\IPHLPAPI.DLL
0x00007ffa126b0000 - 0x00007ffa126b8000 	C:\Windows\System32\NSI.dll
0x0000022716980000 - 0x0000022716983000 	C:\Users\thiag\.openjfx\cache\17.0.6\api-ms-win-core-heap-l1-1-0.dll
0x00007ffa09b20000 - 0x00007ffa09b2a000 	C:\Windows\System32\rasadhlp.dll
0x00007ffa098a0000 - 0x00007ffa09920000 	C:\Windows\System32\fwpuclnt.dll
0x0000022716990000 - 0x0000022716993000 	C:\Users\thiag\.openjfx\cache\17.0.6\api-ms-win-core-interlocked-l1-1-0.dll
0x00000227169a0000 - 0x00000227169a3000 	C:\Users\thiag\.openjfx\cache\17.0.6\api-ms-win-core-libraryloader-l1-1-0.dll
0x00000227169b0000 - 0x00000227169b3000 	C:\Users\thiag\.openjfx\cache\17.0.6\api-ms-win-core-localization-l1-2-0.dll
0x00007ff9f5370000 - 0x00007ff9f537a000 	C:\Users\thiag\.jdks\openjdk-24.0.1\bin\management.dll
0x00000227169c0000 - 0x00000227169c3000 	C:\Users\thiag\.openjfx\cache\17.0.6\api-ms-win-core-memory-l1-1-0.dll
0x00000227169d0000 - 0x00000227169d3000 	C:\Users\thiag\.openjfx\cache\17.0.6\api-ms-win-core-namedpipe-l1-1-0.dll
0x00007ff9f5280000 - 0x00007ff9f528b000 	C:\Users\thiag\.jdks\openjdk-24.0.1\bin\management_ext.dll
0x00007ffa126c0000 - 0x00007ffa126c8000 	C:\Windows\System32\PSAPI.DLL
0x00000227169e0000 - 0x00000227169e3000 	C:\Users\thiag\.openjfx\cache\17.0.6\api-ms-win-core-processenvironment-l1-1-0.dll
0x00000227169f0000 - 0x00000227169f3000 	C:\Users\thiag\.openjfx\cache\17.0.6\api-ms-win-core-processthreads-l1-1-0.dll
0x0000022716a00000 - 0x0000022716a03000 	C:\Users\thiag\.openjfx\cache\17.0.6\api-ms-win-core-processthreads-l1-1-1.dll
0x0000022716b30000 - 0x0000022716b33000 	C:\Users\thiag\.openjfx\cache\17.0.6\api-ms-win-core-profile-l1-1-0.dll
0x0000022716b40000 - 0x0000022716b43000 	C:\Users\thiag\.openjfx\cache\17.0.6\api-ms-win-core-rtlsupport-l1-1-0.dll
0x0000022716b50000 - 0x0000022716b53000 	C:\Users\thiag\.openjfx\cache\17.0.6\api-ms-win-core-string-l1-1-0.dll
0x0000022716b60000 - 0x0000022716b63000 	C:\Users\thiag\.openjfx\cache\17.0.6\api-ms-win-core-synch-l1-1-0.dll
0x0000022716b70000 - 0x0000022716b73000 	C:\Users\thiag\.openjfx\cache\17.0.6\api-ms-win-core-synch-l1-2-0.dll
0x0000022716b80000 - 0x0000022716b83000 	C:\Users\thiag\.openjfx\cache\17.0.6\api-ms-win-core-sysinfo-l1-1-0.dll
0x0000022716b90000 - 0x0000022716b93000 	C:\Users\thiag\.openjfx\cache\17.0.6\api-ms-win-core-timezone-l1-1-0.dll
0x0000022716ba0000 - 0x0000022716ba3000 	C:\Users\thiag\.openjfx\cache\17.0.6\api-ms-win-core-util-l1-1-0.dll
0x0000022716bb0000 - 0x0000022716bb3000 	C:\Users\thiag\.openjfx\cache\17.0.6\api-ms-win-crt-conio-l1-1-0.dll
0x0000022716bc0000 - 0x0000022716bc4000 	C:\Users\thiag\.openjfx\cache\17.0.6\api-ms-win-crt-convert-l1-1-0.dll
0x0000022716bd0000 - 0x0000022716bd3000 	C:\Users\thiag\.openjfx\cache\17.0.6\api-ms-win-crt-environment-l1-1-0.dll
0x0000022716be0000 - 0x0000022716be3000 	C:\Users\thiag\.openjfx\cache\17.0.6\api-ms-win-crt-filesystem-l1-1-0.dll
0x0000022716bf0000 - 0x0000022716bf3000 	C:\Users\thiag\.openjfx\cache\17.0.6\api-ms-win-crt-heap-l1-1-0.dll
0x0000022716c00000 - 0x0000022716c03000 	C:\Users\thiag\.openjfx\cache\17.0.6\api-ms-win-crt-locale-l1-1-0.dll
0x0000022716c10000 - 0x0000022716c15000 	C:\Users\thiag\.openjfx\cache\17.0.6\api-ms-win-crt-math-l1-1-0.dll
0x0000022716c20000 - 0x0000022716c25000 	C:\Users\thiag\.openjfx\cache\17.0.6\api-ms-win-crt-multibyte-l1-1-0.dll
0x0000022716c30000 - 0x0000022716c40000 	C:\Users\thiag\.openjfx\cache\17.0.6\api-ms-win-crt-private-l1-1-0.dll
0x0000022716c40000 - 0x0000022716c43000 	C:\Users\thiag\.openjfx\cache\17.0.6\api-ms-win-crt-process-l1-1-0.dll
0x0000022716f90000 - 0x0000022716f94000 	C:\Users\thiag\.openjfx\cache\17.0.6\api-ms-win-crt-runtime-l1-1-0.dll
0x0000022716fa0000 - 0x0000022716fa4000 	C:\Users\thiag\.openjfx\cache\17.0.6\api-ms-win-crt-stdio-l1-1-0.dll
0x0000022716fb0000 - 0x0000022716fb4000 	C:\Users\thiag\.openjfx\cache\17.0.6\api-ms-win-crt-string-l1-1-0.dll
0x0000022716fc0000 - 0x0000022716fc3000 	C:\Users\thiag\.openjfx\cache\17.0.6\api-ms-win-crt-time-l1-1-0.dll
0x0000022716fd0000 - 0x0000022716fd3000 	C:\Users\thiag\.openjfx\cache\17.0.6\api-ms-win-crt-utility-l1-1-0.dll
0x00007ff9c8640000 - 0x00007ff9c873c000 	C:\Users\thiag\.openjfx\cache\17.0.6\ucrtbase.dll
0x00007ff9ee140000 - 0x00007ff9ee15a000 	C:\Users\thiag\.openjfx\cache\17.0.6\vcruntime140.dll
0x00007ff9f4660000 - 0x00007ff9f466c000 	C:\Users\thiag\.openjfx\cache\17.0.6\vcruntime140_1.dll
0x00007ff9c88d0000 - 0x00007ff9c895d000 	C:\Users\thiag\.openjfx\cache\17.0.6\msvcp140.dll
0x00007ff9f3f60000 - 0x00007ff9f3f69000 	C:\Users\thiag\.openjfx\cache\17.0.6\msvcp140_1.dll
0x00007ff9e9cf0000 - 0x00007ff9e9d1f000 	C:\Users\thiag\.openjfx\cache\17.0.6\msvcp140_2.dll
0x00007ffa0fb40000 - 0x00007ffa0fb58000 	C:\Windows\SYSTEM32\CRYPTSP.dll
0x00007ffa0f260000 - 0x00007ffa0f298000 	C:\Windows\system32\rsaenh.dll
0x00007ffa10170000 - 0x00007ffa1019e000 	C:\Windows\SYSTEM32\USERENV.dll
0x00007ffa0fb30000 - 0x00007ffa0fb3c000 	C:\Windows\SYSTEM32\CRYPTBASE.dll
0x00007ff9e4040000 - 0x00007ff9e4057000 	C:\Windows\system32\napinsp.dll
0x00007ff9e3dc0000 - 0x00007ff9e3ddb000 	C:\Windows\system32\pnrpnsp.dll
0x00007ff9ebbb0000 - 0x00007ff9ebbcd000 	C:\Windows\system32\wshbth.dll
0x00007ffa0c160000 - 0x00007ffa0c17d000 	C:\Windows\system32\NLAapi.dll
0x00007ff9e3da0000 - 0x00007ff9e3db2000 	C:\Windows\System32\winrnr.dll
0x00007ff9e80f0000 - 0x00007ff9e811a000 	C:\Users\thiag\.openjfx\cache\17.0.6\prism_d3d.dll
0x00007ff9f21f0000 - 0x00007ff9f23c1000 	C:\Windows\system32\d3d9.dll
0x00007ffa0d120000 - 0x00007ffa0d14f000 	C:\Windows\SYSTEM32\dwmapi.dll
0x00007ffa0cd70000 - 0x00007ffa0ce0e000 	C:\Windows\system32\uxtheme.dll
0x00007ffa079a0000 - 0x00007ffa07a64000 	C:\Windows\System32\DriverStore\FileRepository\nv_dispi.inf_amd64_9425e4c3b1ac1c47\nvldumdx.dll
0x00007ffa0fe40000 - 0x00007ffa0fe52000 	C:\Windows\SYSTEM32\msasn1.dll
0x00007ffa08c70000 - 0x00007ffa08ca1000 	C:\Windows\SYSTEM32\cryptnet.dll
0x00007ffa10ab0000 - 0x00007ffa10c0d000 	C:\Windows\System32\CRYPT32.dll
0x00007ffa09930000 - 0x00007ffa09a77000 	C:\Windows\SYSTEM32\drvstore.dll
0x00007ffa10010000 - 0x00007ffa10043000 	C:\Windows\SYSTEM32\devobj.dll
0x00007ffa109c0000 - 0x00007ffa10a0e000 	C:\Windows\System32\cfgmgr32.dll
0x00007ffa10380000 - 0x00007ffa103f3000 	C:\Windows\System32\wintrust.dll
0x00007ffa11430000 - 0x00007ffa1144d000 	C:\Windows\System32\imagehlp.dll
0x00007ffa04c90000 - 0x00007ffa079a0000 	C:\Windows\System32\DriverStore\FileRepository\nv_dispi.inf_amd64_9425e4c3b1ac1c47\nvgpucomp64.dll
0x00007ff9be790000 - 0x00007ff9c051c000 	C:\Windows\System32\DriverStore\FileRepository\nv_dispi.inf_amd64_9425e4c3b1ac1c47\nvd3dumx.dll
0x00007ff9f9c90000 - 0x00007ff9f9ce1000 	C:\Windows\SYSTEM32\pdh.dll

JVMTI agents:
C:\Program Files\JetBrains\IntelliJ IDEA 2024.3.4.1\lib\idea_rt.jar path:C:\Users\thiag\.jdks\openjdk-24.0.1\bin\instrument.dll, loaded, initialized, instrumentlib options:60736

dbghelp: loaded successfully - version: 4.0.5 - missing functions: none
symbol engine: initialized successfully - sym options: 0x614 - pdb path: .;C:\Users\thiag\.jdks\openjdk-24.0.1\bin;C:\Windows\SYSTEM32;C:\Windows\WinSxS\amd64_microsoft.windows.common-controls_6595b64144ccf1df_6.0.19041.5915_none_60b4b9d171f9c7c7;C:\Users\thiag\.jdks\openjdk-24.0.1\bin\server;C:\Users\thiag\.openjfx\cache\17.0.6;C:\Windows\System32\DriverStore\FileRepository\nv_dispi.inf_amd64_9425e4c3b1ac1c47;C:\Program Files\Common Files\Microsoft Shared\Ink;C:\Users\thiag\AppData\Local\Temp\idea_libasyncProfiler_dll_temp_folder

VM Arguments:
jvm_args: -javaagent:C:\Program Files\JetBrains\IntelliJ IDEA 2024.3.4.1\lib\idea_rt.jar=60736 -Dfile.encoding=UTF-8 -Dsun.stdout.encoding=UTF-8 -Dsun.stderr.encoding=UTF-8 --module-path=C:\Users\thiag\.m2\repository\org\openjfx\javafx-graphics\17.0.6\javafx-graphics-17.0.6-win.jar;C:\Users\thiag\.m2\repository\org\controlsfx\controlsfx\11.2.1\controlsfx-11.2.1.jar;C:\Users\thiag\.m2\repository\org\openjfx\javafx-controls\17.0.6\javafx-controls-17.0.6-win.jar;C:\Users\thiag\.m2\repository\org\openjfx\javafx-base\17.0.6\javafx-base-17.0.6-win.jar;C:\Users\thiag\Project-javaFx\target\classes;C:\Users\thiag\.m2\repository\org\openjfx\javafx-fxml\17.0.6\javafx-fxml-17.0.6-win.jar;C:\Users\thiag\.m2\repository\org\kordamp\bootstrapfx\bootstrapfx-core\0.4.0\bootstrapfx-core-0.4.0.jar -Djdk.module.main=com.example.javafxteste 
java_command: com.example.javafxteste/com.project.javafxt.view.LoginApp
java_class_path (initial): C:\Users\thiag\.m2\repository\org\openjfx\javafx-controls\17.0.6\javafx-controls-17.0.6.jar;C:\Users\thiag\.m2\repository\org\openjfx\javafx-graphics\17.0.6\javafx-graphics-17.0.6.jar;C:\Users\thiag\.m2\repository\org\openjfx\javafx-base\17.0.6\javafx-base-17.0.6.jar;C:\Users\thiag\.m2\repository\org\openjfx\javafx-fxml\17.0.6\javafx-fxml-17.0.6.jar
Launcher Type: SUN_STANDARD

[Global flags]
     intx CICompilerCount                          = 3                                         {product} {ergonomic}
     uint ConcGCThreads                            = 2                                         {product} {ergonomic}
     bool FlightRecorder                           = true                                      {product} {management}
     uint G1ConcRefinementThreads                  = 6                                         {product} {ergonomic}
   size_t G1HeapRegionSize                         = 2097152                                   {product} {ergonomic}
   size_t InitialHeapSize                          = 268435456                                 {product} {ergonomic}
   size_t MarkStackSize                            = 4194304                                   {product} {ergonomic}
   size_t MarkStackSizeMax                         = 536870912                                 {product} {ergonomic}
   size_t MaxHeapSize                              = 4278190080                                {product} {ergonomic}
   size_t MaxNewSize                               = 2566914048                                {product} {ergonomic}
   size_t MinHeapDeltaBytes                        = 2097152                                   {product} {ergonomic}
   size_t MinHeapSize                              = 8388608                                   {product} {ergonomic}
    uintx NonNMethodCodeHeapSize                   = 5832704                                {pd product} {ergonomic}
    uintx NonProfiledCodeHeapSize                  = 122945536                              {pd product} {ergonomic}
    uintx ProfiledCodeHeapSize                     = 122880000                              {pd product} {ergonomic}
    uintx ReservedCodeCacheSize                    = 251658240                              {pd product} {ergonomic}
     bool SegmentedCodeCache                       = true                                      {product} {ergonomic}
   size_t SoftMaxHeapSize                          = 4278190080                             {manageable} {ergonomic}
     bool UseCompressedOops                        = true                           {product lp64_product} {ergonomic}
     bool UseG1GC                                  = true                                      {product} {ergonomic}
     bool UseLargePagesIndividualAllocation        = false                                  {pd product} {ergonomic}

Logging:
Log output configuration:
 #0: stdout all=warning uptime,level,tags foldmultilines=false
 #1: stderr all=off uptime,level,tags foldmultilines=false

Environment Variables:
PATH=C:\Program Files\Common Files\Oracle\Java\javapath;C:\ProgramData\Oracle\Java\javapath;C:\Windows\system32;C:\Windows;C:\Windows\System32\Wbem;C:\Windows\System32\WindowsPowerShell\v1.0\;C:\Windows\System32\OpenSSH\;C:\Program Files (x86)\NVIDIA Corporation\PhysX\Common;C:\Program Files (x86)\dotnet\;C:\Program Files\dotnet\;C:\Users\thiag\.config\herd\bin\nvm;C:\Program Files\nodejs;C:\Program Files\NVIDIA Corporation\NVIDIA app\NvDLISR;C:\Program Files\nodejs\;C:\Program Files\Git\cmd;C:\Program Files\MySQL\MySQL Shell 8.0\bin\;C:\Users\thiag\.config\herd\bin;C:\Users\thiag\AppData\Local\Programs\Python\Launcher\;C:\Users\thiag\AppData\Local\Microsoft\WindowsApps;D:\Microsoft VS Code\bin;C:\Users\thiag\AppData\Local\GitHubDesktop\bin;C:\Users\thiag\AppData\Roaming\npm;C:\Program Files\JetBrains\IntelliJ IDEA 2024.3.4.1\bin;
USERNAME=ZGXRPVFCRR18
OS=Windows_NT
PROCESSOR_IDENTIFIER=Intel64 Family 6 Model 158 Stepping 10, GenuineIntel
TMP=C:\Users\thiag\AppData\Local\Temp
TEMP=C:\Users\thiag\AppData\Local\Temp




Periodic native trim disabled

---------------  S Y S T E M  ---------------

OS:
 Windows 10 , 64 bit Build 19041 (10.0.19041.5915)
OS uptime: 6 days 0:46 hours

CPU: total 6 (initial active 6) (6 cores per cpu, 1 threads per core) family 6 model 158 stepping 10 microcode 0xd6, cx8, cmov, fxsr, mmx, 3dnowpref, sse, sse2, sse3, ssse3, sse4.1, sse4.2, popcnt, lzcnt, tsc, tscinvbit, avx, avx2, aes, erms, clmul, bmi1, bmi2, adx, fma, vzeroupper, clflush, clflushopt, rdtscp, f16c
Processor Information for the first 6 processors :
  Max Mhz: 2904, Current Mhz: 2904, Mhz Limit: 2904

Memory: 4k page, system-wide physical 16319M (8725M free)
TotalPageFile size 17343M (AvailPageFile size 6007M)
current process WorkingSet (physical memory assigned to process): 200M, peak: 200M
current process commit charge ("private bytes"): 487M, peak: 487M

vm_info: OpenJDK 64-Bit Server VM (24.0.1+9-30) for windows-amd64 JRE (24.0.1+9-30), built on 2025-03-05T07:23:45Z with MS VC++ 17.6 (VS2022)

END.
